{"/Users/RockieGuo/Documents/BIT/mowa/temp/server.js":{"path":"/Users/RockieGuo/Documents/BIT/mowa/temp/server.js","statementMap":{"0":{"start":{"line":3,"column":13},"end":{"line":3,"column":28}},"1":{"start":{"line":4,"column":13},"end":{"line":4,"column":33}},"2":{"start":{"line":5,"column":10},"end":{"line":5,"column":16}},"3":{"start":{"line":6,"column":16},"end":{"line":6,"column":28}},"4":{"start":{"line":8,"column":18},"end":{"line":8,"column":43}},"5":{"start":{"line":9,"column":22},"end":{"line":9,"column":49}},"6":{"start":{"line":10,"column":12},"end":{"line":10,"column":38}},"7":{"start":{"line":12,"column":16},"end":{"line":12,"column":44}},"8":{"start":{"line":14,"column":0},"end":{"line":17,"column":3}},"9":{"start":{"line":15,"column":4},"end":{"line":15,"column":51}},"10":{"start":{"line":16,"column":4},"end":{"line":16,"column":20}},"11":{"start":{"line":21,"column":8},"end":{"line":28,"column":9}},"12":{"start":{"line":22,"column":12},"end":{"line":27,"column":13}},"13":{"start":{"line":23,"column":16},"end":{"line":23,"column":32}},"14":{"start":{"line":24,"column":19},"end":{"line":27,"column":13}},"15":{"start":{"line":25,"column":16},"end":{"line":25,"column":31}},"16":{"start":{"line":26,"column":16},"end":{"line":26,"column":32}},"17":{"start":{"line":30,"column":8},"end":{"line":32,"column":9}},"18":{"start":{"line":31,"column":12},"end":{"line":31,"column":82}},"19":{"start":{"line":34,"column":8},"end":{"line":34,"column":41}},"20":{"start":{"line":36,"column":8},"end":{"line":36,"column":31}},"21":{"start":{"line":38,"column":8},"end":{"line":38,"column":36}},"22":{"start":{"line":42,"column":8},"end":{"line":42,"column":36}},"23":{"start":{"line":44,"column":8},"end":{"line":44,"column":70}},"24":{"start":{"line":46,"column":18},"end":{"line":46,"column":31}},"25":{"start":{"line":47,"column":8},"end":{"line":50,"column":9}},"26":{"start":{"line":48,"column":12},"end":{"line":48,"column":34}},"27":{"start":{"line":49,"column":12},"end":{"line":49,"column":45}},"28":{"start":{"line":52,"column":8},"end":{"line":52,"column":84}},"29":{"start":{"line":54,"column":8},"end":{"line":72,"column":11}},"30":{"start":{"line":55,"column":12},"end":{"line":61,"column":13}},"31":{"start":{"line":56,"column":16},"end":{"line":58,"column":19}},"32":{"start":{"line":57,"column":20},"end":{"line":57,"column":47}},"33":{"start":{"line":60,"column":16},"end":{"line":60,"column":43}},"34":{"start":{"line":63,"column":12},"end":{"line":63,"column":24}},"35":{"start":{"line":65,"column":12},"end":{"line":67,"column":13}},"36":{"start":{"line":66,"column":16},"end":{"line":66,"column":43}},"37":{"start":{"line":69,"column":12},"end":{"line":69,"column":57}},"38":{"start":{"line":71,"column":12},"end":{"line":71,"column":28}},"39":{"start":{"line":76,"column":8},"end":{"line":76,"column":36}},"40":{"start":{"line":78,"column":8},"end":{"line":97,"column":11}},"41":{"start":{"line":79,"column":27},"end":{"line":87,"column":15}},"42":{"start":{"line":79,"column":64},"end":{"line":87,"column":14}},"43":{"start":{"line":80,"column":27},"end":{"line":80,"column":43}},"44":{"start":{"line":81,"column":16},"end":{"line":86,"column":19}},"45":{"start":{"line":82,"column":20},"end":{"line":82,"column":48}},"46":{"start":{"line":82,"column":29},"end":{"line":82,"column":48}},"47":{"start":{"line":84,"column":20},"end":{"line":84,"column":96}},"48":{"start":{"line":85,"column":20},"end":{"line":85,"column":30}},"49":{"start":{"line":89,"column":12},"end":{"line":96,"column":15}},"50":{"start":{"line":90,"column":16},"end":{"line":92,"column":17}},"51":{"start":{"line":91,"column":20},"end":{"line":91,"column":51}},"52":{"start":{"line":94,"column":16},"end":{"line":94,"column":39}},"53":{"start":{"line":95,"column":16},"end":{"line":95,"column":43}},"54":{"start":{"line":101,"column":8},"end":{"line":101,"column":43}},"55":{"start":{"line":102,"column":8},"end":{"line":102,"column":34}},"56":{"start":{"line":104,"column":8},"end":{"line":109,"column":11}},"57":{"start":{"line":105,"column":12},"end":{"line":105,"column":38}},"58":{"start":{"line":106,"column":12},"end":{"line":108,"column":13}},"59":{"start":{"line":107,"column":16},"end":{"line":107,"column":42}},"60":{"start":{"line":113,"column":0},"end":{"line":113,"column":23}},"61":{"start":{"line":115,"column":0},"end":{"line":115,"column":41}},"62":{"start":{"line":117,"column":0},"end":{"line":117,"column":52}},"63":{"start":{"line":119,"column":0},"end":{"line":119,"column":50}},"64":{"start":{"line":121,"column":0},"end":{"line":121,"column":50}},"65":{"start":{"line":123,"column":0},"end":{"line":123,"column":29}},"66":{"start":{"line":125,"column":0},"end":{"line":125,"column":41}},"67":{"start":{"line":127,"column":0},"end":{"line":127,"column":28}}},"fnMap":{"0":{"name":"(anonymous_0)","decl":{"start":{"line":14,"column":32},"end":{"line":14,"column":33}},"loc":{"start":{"line":14,"column":37},"end":{"line":17,"column":1}},"line":14},"1":{"name":"(anonymous_1)","decl":{"start":{"line":20,"column":4},"end":{"line":20,"column":5}},"loc":{"start":{"line":20,"column":31},"end":{"line":39,"column":5}},"line":20},"2":{"name":"(anonymous_2)","decl":{"start":{"line":41,"column":4},"end":{"line":41,"column":5}},"loc":{"start":{"line":41,"column":26},"end":{"line":73,"column":5}},"line":41},"3":{"name":"(anonymous_3)","decl":{"start":{"line":54,"column":48},"end":{"line":54,"column":49}},"loc":{"start":{"line":54,"column":54},"end":{"line":64,"column":9}},"line":54},"4":{"name":"(anonymous_4)","decl":{"start":{"line":56,"column":42},"end":{"line":56,"column":43}},"loc":{"start":{"line":56,"column":48},"end":{"line":58,"column":17}},"line":56},"5":{"name":"(anonymous_5)","decl":{"start":{"line":64,"column":17},"end":{"line":64,"column":18}},"loc":{"start":{"line":64,"column":26},"end":{"line":72,"column":9}},"line":64},"6":{"name":"(anonymous_6)","decl":{"start":{"line":75,"column":4},"end":{"line":75,"column":5}},"loc":{"start":{"line":75,"column":12},"end":{"line":98,"column":5}},"line":75},"7":{"name":"(anonymous_7)","decl":{"start":{"line":78,"column":34},"end":{"line":78,"column":35}},"loc":{"start":{"line":78,"column":40},"end":{"line":97,"column":9}},"line":78},"8":{"name":"(anonymous_8)","decl":{"start":{"line":79,"column":59},"end":{"line":79,"column":60}},"loc":{"start":{"line":79,"column":64},"end":{"line":87,"column":14}},"line":79},"9":{"name":"(anonymous_9)","decl":{"start":{"line":79,"column":76},"end":{"line":79,"column":77}},"loc":{"start":{"line":79,"column":97},"end":{"line":87,"column":13}},"line":79},"10":{"name":"(anonymous_10)","decl":{"start":{"line":81,"column":24},"end":{"line":81,"column":25}},"loc":{"start":{"line":81,"column":31},"end":{"line":86,"column":17}},"line":81},"11":{"name":"(anonymous_11)","decl":{"start":{"line":89,"column":46},"end":{"line":89,"column":47}},"loc":{"start":{"line":89,"column":52},"end":{"line":96,"column":13}},"line":89},"12":{"name":"(anonymous_12)","decl":{"start":{"line":100,"column":4},"end":{"line":100,"column":5}},"loc":{"start":{"line":100,"column":41},"end":{"line":110,"column":5}},"line":100},"13":{"name":"(anonymous_13)","decl":{"start":{"line":104,"column":36},"end":{"line":104,"column":37}},"loc":{"start":{"line":104,"column":42},"end":{"line":109,"column":9}},"line":104}},"branchMap":{"0":{"loc":{"start":{"line":21,"column":8},"end":{"line":28,"column":9}},"type":"if","locations":[{"start":{"line":21,"column":8},"end":{"line":28,"column":9}},{"start":{"line":21,"column":8},"end":{"line":28,"column":9}}],"line":21},"1":{"loc":{"start":{"line":22,"column":12},"end":{"line":27,"column":13}},"type":"if","locations":[{"start":{"line":22,"column":12},"end":{"line":27,"column":13}},{"start":{"line":22,"column":12},"end":{"line":27,"column":13}}],"line":22},"2":{"loc":{"start":{"line":24,"column":19},"end":{"line":27,"column":13}},"type":"if","locations":[{"start":{"line":24,"column":19},"end":{"line":27,"column":13}},{"start":{"line":24,"column":19},"end":{"line":27,"column":13}}],"line":24},"3":{"loc":{"start":{"line":30,"column":8},"end":{"line":32,"column":9}},"type":"if","locations":[{"start":{"line":30,"column":8},"end":{"line":32,"column":9}},{"start":{"line":30,"column":8},"end":{"line":32,"column":9}}],"line":30},"4":{"loc":{"start":{"line":30,"column":12},"end":{"line":30,"column":61}},"type":"binary-expr","locations":[{"start":{"line":30,"column":12},"end":{"line":30,"column":19}},{"start":{"line":30,"column":23},"end":{"line":30,"column":41}},{"start":{"line":30,"column":45},"end":{"line":30,"column":61}}],"line":30},"5":{"loc":{"start":{"line":47,"column":8},"end":{"line":50,"column":9}},"type":"if","locations":[{"start":{"line":47,"column":8},"end":{"line":50,"column":9}},{"start":{"line":47,"column":8},"end":{"line":50,"column":9}}],"line":47},"6":{"loc":{"start":{"line":55,"column":12},"end":{"line":61,"column":13}},"type":"if","locations":[{"start":{"line":55,"column":12},"end":{"line":61,"column":13}},{"start":{"line":55,"column":12},"end":{"line":61,"column":13}}],"line":55},"7":{"loc":{"start":{"line":65,"column":12},"end":{"line":67,"column":13}},"type":"if","locations":[{"start":{"line":65,"column":12},"end":{"line":67,"column":13}},{"start":{"line":65,"column":12},"end":{"line":67,"column":13}}],"line":65},"8":{"loc":{"start":{"line":65,"column":16},"end":{"line":65,"column":62}},"type":"binary-expr","locations":[{"start":{"line":65,"column":16},"end":{"line":65,"column":42}},{"start":{"line":65,"column":46},"end":{"line":65,"column":62}}],"line":65},"9":{"loc":{"start":{"line":82,"column":20},"end":{"line":82,"column":48}},"type":"if","locations":[{"start":{"line":82,"column":20},"end":{"line":82,"column":48}},{"start":{"line":82,"column":20},"end":{"line":82,"column":48}}],"line":82},"10":{"loc":{"start":{"line":90,"column":16},"end":{"line":92,"column":17}},"type":"if","locations":[{"start":{"line":90,"column":16},"end":{"line":92,"column":17}},{"start":{"line":90,"column":16},"end":{"line":92,"column":17}}],"line":90},"11":{"loc":{"start":{"line":106,"column":12},"end":{"line":108,"column":13}},"type":"if","locations":[{"start":{"line":106,"column":12},"end":{"line":108,"column":13}},{"start":{"line":106,"column":12},"end":{"line":108,"column":13}}],"line":106}},"s":{"0":1,"1":1,"2":1,"3":1,"4":1,"5":1,"6":1,"7":1,"8":1,"9":0,"10":0,"11":12,"12":0,"13":0,"14":0,"15":0,"16":0,"17":12,"18":0,"19":12,"20":12,"21":12,"22":12,"23":12,"24":12,"25":12,"26":12,"27":12,"28":12,"29":12,"30":12,"31":12,"32":12,"33":0,"34":12,"35":0,"36":0,"37":0,"38":0,"39":12,"40":12,"41":12,"42":12,"43":12,"44":12,"45":12,"46":0,"47":12,"48":12,"49":12,"50":12,"51":12,"52":12,"53":12,"54":12,"55":12,"56":12,"57":12,"58":12,"59":12,"60":1,"61":1,"62":1,"63":1,"64":1,"65":1,"66":1,"67":1},"f":{"0":0,"1":12,"2":12,"3":12,"4":12,"5":0,"6":12,"7":12,"8":12,"9":12,"10":12,"11":12,"12":12,"13":12},"b":{"0":[0,12],"1":[0,0],"2":[0,0],"3":[0,12],"4":[12,12,0],"5":[12,0],"6":[12,0],"7":[0,0],"8":[0,0],"9":[0,12],"10":[12,0],"11":[12,0]},"_coverageSchema":"332fd63041d2c1bcb487cc26dd0d5f7d97098a6c","hash":"a773961ac74f3171e63ae9d41e80409c8fa90580","contentHash":"68684ae30989edbbc54a443987a2f814_11.3.0"},"/Users/RockieGuo/Documents/BIT/mowa/temp/util.js":{"path":"/Users/RockieGuo/Documents/BIT/mowa/temp/util.js","statementMap":{"0":{"start":{"line":3,"column":15},"end":{"line":3,"column":34}},"1":{"start":{"line":5,"column":10},"end":{"line":19,"column":2}},"2":{"start":{"line":7,"column":4},"end":{"line":7,"column":29}},"3":{"start":{"line":11,"column":4},"end":{"line":11,"column":38}},"4":{"start":{"line":15,"column":14},"end":{"line":15,"column":34}},"5":{"start":{"line":15,"column":35},"end":{"line":15,"column":59}}},"fnMap":{},"branchMap":{},"s":{"0":1,"1":1,"2":1,"3":1,"4":12,"5":12},"f":{},"b":{},"_coverageSchema":"332fd63041d2c1bcb487cc26dd0d5f7d97098a6c","hash":"1f8df0c5df54a421e27bb65bf17f4bffc0d80bf2","contentHash":"57c7de99d502da5246fdc78072f00701_11.3.0"},"/Users/RockieGuo/Documents/BIT/mowa/temp/message.js":{"path":"/Users/RockieGuo/Documents/BIT/mowa/temp/message.js","statementMap":{"0":{"start":{"line":3,"column":0},"end":{"line":3,"column":63}},"1":{"start":{"line":4,"column":0},"end":{"line":4,"column":53}},"2":{"start":{"line":5,"column":0},"end":{"line":5,"column":77}},"3":{"start":{"line":6,"column":0},"end":{"line":6,"column":74}}},"fnMap":{},"branchMap":{},"s":{"0":1,"1":1,"2":1,"3":1},"f":{},"b":{},"_coverageSchema":"332fd63041d2c1bcb487cc26dd0d5f7d97098a6c","hash":"be2eb10cd60a3e087d1c57da6774dd4036ad1489","contentHash":"b102706308ff057ef5f739bc3e6840db_11.3.0"},"/Users/RockieGuo/Documents/BIT/mowa/temp/appmodule.js":{"path":"/Users/RockieGuo/Documents/BIT/mowa/temp/appmodule.js","statementMap":{"0":{"start":{"line":3,"column":13},"end":{"line":3,"column":33}},"1":{"start":{"line":4,"column":10},"end":{"line":4,"column":16}},"2":{"start":{"line":6,"column":13},"end":{"line":6,"column":28}},"3":{"start":{"line":7,"column":21},"end":{"line":7,"column":38}},"4":{"start":{"line":8,"column":12},"end":{"line":8,"column":26}},"5":{"start":{"line":10,"column":16},"end":{"line":10,"column":44}},"6":{"start":{"line":11,"column":16},"end":{"line":11,"column":44}},"7":{"start":{"line":12,"column":14},"end":{"line":12,"column":35}},"8":{"start":{"line":14,"column":39},"end":{"line":14,"column":59}},"9":{"start":{"line":18,"column":8},"end":{"line":20,"column":9}},"10":{"start":{"line":19,"column":12},"end":{"line":19,"column":59}},"11":{"start":{"line":22,"column":8},"end":{"line":22,"column":16}},"12":{"start":{"line":24,"column":8},"end":{"line":24,"column":29}},"13":{"start":{"line":26,"column":8},"end":{"line":26,"column":32}},"14":{"start":{"line":28,"column":8},"end":{"line":28,"column":42}},"15":{"start":{"line":30,"column":8},"end":{"line":30,"column":27}},"16":{"start":{"line":32,"column":8},"end":{"line":32,"column":27}},"17":{"start":{"line":34,"column":8},"end":{"line":34,"column":30}},"18":{"start":{"line":36,"column":8},"end":{"line":36,"column":38}},"19":{"start":{"line":38,"column":8},"end":{"line":68,"column":9}},"20":{"start":{"line":39,"column":12},"end":{"line":39,"column":54}},"21":{"start":{"line":41,"column":12},"end":{"line":41,"column":61}},"22":{"start":{"line":43,"column":12},"end":{"line":43,"column":113}},"23":{"start":{"line":45,"column":12},"end":{"line":45,"column":28}},"24":{"start":{"line":47,"column":12},"end":{"line":47,"column":37}},"25":{"start":{"line":49,"column":12},"end":{"line":49,"column":49}},"26":{"start":{"line":51,"column":12},"end":{"line":51,"column":51}},"27":{"start":{"line":53,"column":12},"end":{"line":53,"column":34}},"28":{"start":{"line":54,"column":12},"end":{"line":54,"column":169}},"29":{"start":{"line":56,"column":12},"end":{"line":58,"column":13}},"30":{"start":{"line":57,"column":16},"end":{"line":57,"column":77}},"31":{"start":{"line":60,"column":12},"end":{"line":60,"column":102}},"32":{"start":{"line":62,"column":12},"end":{"line":62,"column":52}},"33":{"start":{"line":63,"column":12},"end":{"line":63,"column":81}},"34":{"start":{"line":65,"column":12},"end":{"line":67,"column":13}},"35":{"start":{"line":66,"column":16},"end":{"line":66,"column":89}},"36":{"start":{"line":70,"column":8},"end":{"line":73,"column":20}},"37":{"start":{"line":75,"column":8},"end":{"line":75,"column":69}},"38":{"start":{"line":77,"column":8},"end":{"line":77,"column":71}},"39":{"start":{"line":79,"column":8},"end":{"line":79,"column":67}},"40":{"start":{"line":81,"column":8},"end":{"line":81,"column":84}},"41":{"start":{"line":83,"column":8},"end":{"line":83,"column":32}},"42":{"start":{"line":87,"column":8},"end":{"line":87,"column":64}},"43":{"start":{"line":91,"column":8},"end":{"line":91,"column":80}},"44":{"start":{"line":93,"column":30},"end":{"line":102,"column":9}},"45":{"start":{"line":95,"column":31},"end":{"line":95,"column":66}},"46":{"start":{"line":96,"column":31},"end":{"line":96,"column":53}},"47":{"start":{"line":97,"column":26},"end":{"line":97,"column":70}},"48":{"start":{"line":98,"column":30},"end":{"line":98,"column":69}},"49":{"start":{"line":99,"column":27},"end":{"line":99,"column":67}},"50":{"start":{"line":100,"column":30},"end":{"line":100,"column":83}},"51":{"start":{"line":104,"column":8},"end":{"line":104,"column":133}},"52":{"start":{"line":105,"column":8},"end":{"line":127,"column":11}},"53":{"start":{"line":106,"column":12},"end":{"line":106,"column":30}},"54":{"start":{"line":108,"column":12},"end":{"line":108,"column":80}},"55":{"start":{"line":108,"column":43},"end":{"line":108,"column":80}},"56":{"start":{"line":110,"column":12},"end":{"line":126,"column":15}},"57":{"start":{"line":111,"column":16},"end":{"line":117,"column":17}},"58":{"start":{"line":112,"column":20},"end":{"line":112,"column":83}},"59":{"start":{"line":114,"column":20},"end":{"line":116,"column":21}},"60":{"start":{"line":115,"column":24},"end":{"line":115,"column":59}},"61":{"start":{"line":119,"column":16},"end":{"line":123,"column":17}},"62":{"start":{"line":120,"column":41},"end":{"line":120,"column":185}},"63":{"start":{"line":122,"column":20},"end":{"line":122,"column":56}},"64":{"start":{"line":125,"column":16},"end":{"line":125,"column":45}},"65":{"start":{"line":131,"column":8},"end":{"line":131,"column":33}},"66":{"start":{"line":137,"column":8},"end":{"line":145,"column":9}},"67":{"start":{"line":138,"column":12},"end":{"line":140,"column":13}},"68":{"start":{"line":139,"column":16},"end":{"line":139,"column":42}},"69":{"start":{"line":141,"column":12},"end":{"line":141,"column":46}},"70":{"start":{"line":142,"column":12},"end":{"line":142,"column":59}},"71":{"start":{"line":144,"column":12},"end":{"line":144,"column":57}},"72":{"start":{"line":147,"column":8},"end":{"line":147,"column":40}},"73":{"start":{"line":148,"column":8},"end":{"line":152,"column":9}},"74":{"start":{"line":149,"column":12},"end":{"line":149,"column":31}},"75":{"start":{"line":150,"column":12},"end":{"line":150,"column":50}},"76":{"start":{"line":151,"column":12},"end":{"line":151,"column":41}},"77":{"start":{"line":154,"column":8},"end":{"line":154,"column":19}},"78":{"start":{"line":158,"column":8},"end":{"line":160,"column":9}},"79":{"start":{"line":159,"column":12},"end":{"line":159,"column":37}},"80":{"start":{"line":162,"column":20},"end":{"line":162,"column":57}},"81":{"start":{"line":163,"column":8},"end":{"line":163,"column":41}},"82":{"start":{"line":165,"column":8},"end":{"line":165,"column":47}},"83":{"start":{"line":169,"column":8},"end":{"line":171,"column":9}},"84":{"start":{"line":170,"column":12},"end":{"line":170,"column":86}},"85":{"start":{"line":173,"column":8},"end":{"line":173,"column":44}},"86":{"start":{"line":177,"column":8},"end":{"line":179,"column":9}},"87":{"start":{"line":178,"column":12},"end":{"line":178,"column":39}},"88":{"start":{"line":181,"column":8},"end":{"line":183,"column":9}},"89":{"start":{"line":182,"column":12},"end":{"line":182,"column":48}},"90":{"start":{"line":185,"column":8},"end":{"line":185,"column":25}},"91":{"start":{"line":189,"column":20},"end":{"line":189,"column":78}},"92":{"start":{"line":190,"column":8},"end":{"line":190,"column":98}},"93":{"start":{"line":190,"column":30},"end":{"line":190,"column":96}},"94":{"start":{"line":194,"column":8},"end":{"line":196,"column":9}},"95":{"start":{"line":195,"column":12},"end":{"line":195,"column":89}},"96":{"start":{"line":198,"column":8},"end":{"line":198,"column":44}},"97":{"start":{"line":202,"column":8},"end":{"line":204,"column":9}},"98":{"start":{"line":203,"column":12},"end":{"line":203,"column":42}},"99":{"start":{"line":206,"column":8},"end":{"line":208,"column":9}},"100":{"start":{"line":207,"column":12},"end":{"line":207,"column":51}},"101":{"start":{"line":210,"column":8},"end":{"line":210,"column":25}},"102":{"start":{"line":214,"column":8},"end":{"line":214,"column":51}},"103":{"start":{"line":214,"column":44},"end":{"line":214,"column":51}},"104":{"start":{"line":216,"column":8},"end":{"line":230,"column":11}},"105":{"start":{"line":217,"column":29},"end":{"line":217,"column":53}},"106":{"start":{"line":219,"column":12},"end":{"line":221,"column":13}},"107":{"start":{"line":220,"column":16},"end":{"line":220,"column":79}},"108":{"start":{"line":223,"column":12},"end":{"line":227,"column":13}},"109":{"start":{"line":224,"column":16},"end":{"line":224,"column":114}},"110":{"start":{"line":226,"column":16},"end":{"line":226,"column":54}},"111":{"start":{"line":229,"column":12},"end":{"line":229,"column":66}},"112":{"start":{"line":234,"column":8},"end":{"line":234,"column":51}},"113":{"start":{"line":234,"column":44},"end":{"line":234,"column":51}},"114":{"start":{"line":236,"column":25},"end":{"line":236,"column":27}},"115":{"start":{"line":238,"column":8},"end":{"line":248,"column":11}},"116":{"start":{"line":239,"column":29},"end":{"line":239,"column":53}},"117":{"start":{"line":241,"column":12},"end":{"line":243,"column":13}},"118":{"start":{"line":242,"column":16},"end":{"line":242,"column":79}},"119":{"start":{"line":245,"column":12},"end":{"line":245,"column":55}},"120":{"start":{"line":247,"column":12},"end":{"line":247,"column":106}},"121":{"start":{"line":250,"column":8},"end":{"line":250,"column":45}},"122":{"start":{"line":252,"column":8},"end":{"line":252,"column":108}},"123":{"start":{"line":256,"column":8},"end":{"line":256,"column":51}},"124":{"start":{"line":256,"column":44},"end":{"line":256,"column":51}},"125":{"start":{"line":258,"column":8},"end":{"line":258,"column":47}},"126":{"start":{"line":262,"column":8},"end":{"line":262,"column":54}},"127":{"start":{"line":263,"column":8},"end":{"line":263,"column":58}},"128":{"start":{"line":265,"column":8},"end":{"line":265,"column":77}},"129":{"start":{"line":265,"column":70},"end":{"line":265,"column":77}},"130":{"start":{"line":267,"column":8},"end":{"line":277,"column":9}},"131":{"start":{"line":268,"column":12},"end":{"line":268,"column":157}},"132":{"start":{"line":270,"column":26},"end":{"line":270,"column":53}},"133":{"start":{"line":271,"column":12},"end":{"line":271,"column":81}},"134":{"start":{"line":273,"column":12},"end":{"line":273,"column":108}},"135":{"start":{"line":275,"column":26},"end":{"line":275,"column":46}},"136":{"start":{"line":276,"column":12},"end":{"line":276,"column":66}},"137":{"start":{"line":281,"column":8},"end":{"line":281,"column":49}},"138":{"start":{"line":283,"column":8},"end":{"line":291,"column":9}},"139":{"start":{"line":284,"column":12},"end":{"line":288,"column":13}},"140":{"start":{"line":285,"column":16},"end":{"line":285,"column":54}},"141":{"start":{"line":287,"column":16},"end":{"line":287,"column":48}},"142":{"start":{"line":289,"column":15},"end":{"line":291,"column":9}},"143":{"start":{"line":290,"column":12},"end":{"line":290,"column":109}},"144":{"start":{"line":295,"column":8},"end":{"line":297,"column":9}},"145":{"start":{"line":296,"column":12},"end":{"line":296,"column":53}},"146":{"start":{"line":299,"column":8},"end":{"line":299,"column":23}},"147":{"start":{"line":303,"column":8},"end":{"line":303,"column":29}},"148":{"start":{"line":305,"column":8},"end":{"line":313,"column":11}},"149":{"start":{"line":310,"column":51},"end":{"line":310,"column":86}},"150":{"start":{"line":311,"column":50},"end":{"line":311,"column":99}},"151":{"start":{"line":317,"column":28},"end":{"line":324,"column":9}},"152":{"start":{"line":326,"column":8},"end":{"line":344,"column":11}},"153":{"start":{"line":327,"column":26},"end":{"line":327,"column":72}},"154":{"start":{"line":328,"column":12},"end":{"line":330,"column":13}},"155":{"start":{"line":329,"column":16},"end":{"line":329,"column":46}},"156":{"start":{"line":332,"column":12},"end":{"line":334,"column":13}},"157":{"start":{"line":333,"column":16},"end":{"line":333,"column":86}},"158":{"start":{"line":336,"column":12},"end":{"line":338,"column":13}},"159":{"start":{"line":337,"column":16},"end":{"line":337,"column":109}},"160":{"start":{"line":340,"column":12},"end":{"line":343,"column":15}},"161":{"start":{"line":341,"column":16},"end":{"line":341,"column":68}},"162":{"start":{"line":342,"column":16},"end":{"line":342,"column":50}},"163":{"start":{"line":346,"column":28},"end":{"line":346,"column":54}},"164":{"start":{"line":348,"column":21},"end":{"line":348,"column":38}},"165":{"start":{"line":350,"column":8},"end":{"line":365,"column":11}},"166":{"start":{"line":352,"column":12},"end":{"line":355,"column":15}},"167":{"start":{"line":353,"column":16},"end":{"line":353,"column":45}},"168":{"start":{"line":354,"column":16},"end":{"line":354,"column":41}},"169":{"start":{"line":357,"column":12},"end":{"line":359,"column":15}},"170":{"start":{"line":358,"column":16},"end":{"line":358,"column":53}},"171":{"start":{"line":361,"column":12},"end":{"line":364,"column":15}},"172":{"start":{"line":362,"column":16},"end":{"line":362,"column":44}},"173":{"start":{"line":363,"column":16},"end":{"line":363,"column":41}},"174":{"start":{"line":367,"column":8},"end":{"line":367,"column":22}},"175":{"start":{"line":371,"column":26},"end":{"line":371,"column":85}},"176":{"start":{"line":373,"column":8},"end":{"line":383,"column":9}},"177":{"start":{"line":374,"column":12},"end":{"line":382,"column":13}},"178":{"start":{"line":375,"column":16},"end":{"line":375,"column":57}},"179":{"start":{"line":377,"column":16},"end":{"line":377,"column":83}},"180":{"start":{"line":379,"column":16},"end":{"line":381,"column":17}},"181":{"start":{"line":380,"column":20},"end":{"line":380,"column":83}},"182":{"start":{"line":385,"column":25},"end":{"line":385,"column":45}},"183":{"start":{"line":386,"column":8},"end":{"line":386,"column":34}},"184":{"start":{"line":388,"column":8},"end":{"line":388,"column":26}},"185":{"start":{"line":392,"column":0},"end":{"line":392,"column":27}}},"fnMap":{"0":{"name":"(anonymous_0)","decl":{"start":{"line":17,"column":4},"end":{"line":17,"column":5}},"loc":{"start":{"line":17,"column":46},"end":{"line":84,"column":5}},"line":17},"1":{"name":"(anonymous_1)","decl":{"start":{"line":86,"column":4},"end":{"line":86,"column":5}},"loc":{"start":{"line":86,"column":28},"end":{"line":88,"column":5}},"line":86},"2":{"name":"(anonymous_2)","decl":{"start":{"line":90,"column":4},"end":{"line":90,"column":5}},"loc":{"start":{"line":90,"column":26},"end":{"line":128,"column":5}},"line":90},"3":{"name":"(anonymous_3)","decl":{"start":{"line":95,"column":26},"end":{"line":95,"column":27}},"loc":{"start":{"line":95,"column":31},"end":{"line":95,"column":66}},"line":95},"4":{"name":"(anonymous_4)","decl":{"start":{"line":96,"column":26},"end":{"line":96,"column":27}},"loc":{"start":{"line":96,"column":31},"end":{"line":96,"column":53}},"line":96},"5":{"name":"(anonymous_5)","decl":{"start":{"line":97,"column":21},"end":{"line":97,"column":22}},"loc":{"start":{"line":97,"column":26},"end":{"line":97,"column":70}},"line":97},"6":{"name":"(anonymous_6)","decl":{"start":{"line":98,"column":22},"end":{"line":98,"column":23}},"loc":{"start":{"line":98,"column":30},"end":{"line":98,"column":69}},"line":98},"7":{"name":"(anonymous_7)","decl":{"start":{"line":99,"column":19},"end":{"line":99,"column":20}},"loc":{"start":{"line":99,"column":27},"end":{"line":99,"column":67}},"line":99},"8":{"name":"(anonymous_8)","decl":{"start":{"line":100,"column":22},"end":{"line":100,"column":23}},"loc":{"start":{"line":100,"column":30},"end":{"line":100,"column":83}},"line":100},"9":{"name":"(anonymous_9)","decl":{"start":{"line":105,"column":60},"end":{"line":105,"column":61}},"loc":{"start":{"line":105,"column":67},"end":{"line":127,"column":9}},"line":105},"10":{"name":"(anonymous_10)","decl":{"start":{"line":110,"column":46},"end":{"line":110,"column":47}},"loc":{"start":{"line":110,"column":52},"end":{"line":126,"column":13}},"line":110},"11":{"name":"(anonymous_11)","decl":{"start":{"line":130,"column":4},"end":{"line":130,"column":5}},"loc":{"start":{"line":130,"column":12},"end":{"line":132,"column":5}},"line":130},"12":{"name":"(anonymous_12)","decl":{"start":{"line":134,"column":4},"end":{"line":134,"column":5}},"loc":{"start":{"line":134,"column":44},"end":{"line":155,"column":5}},"line":134},"13":{"name":"(anonymous_13)","decl":{"start":{"line":157,"column":4},"end":{"line":157,"column":5}},"loc":{"start":{"line":157,"column":33},"end":{"line":166,"column":5}},"line":157},"14":{"name":"(anonymous_14)","decl":{"start":{"line":168,"column":4},"end":{"line":168,"column":5}},"loc":{"start":{"line":168,"column":51},"end":{"line":174,"column":5}},"line":168},"15":{"name":"(anonymous_15)","decl":{"start":{"line":176,"column":4},"end":{"line":176,"column":5}},"loc":{"start":{"line":176,"column":21},"end":{"line":186,"column":5}},"line":176},"16":{"name":"(anonymous_16)","decl":{"start":{"line":188,"column":4},"end":{"line":188,"column":5}},"loc":{"start":{"line":188,"column":32},"end":{"line":191,"column":5}},"line":188},"17":{"name":"(anonymous_17)","decl":{"start":{"line":190,"column":22},"end":{"line":190,"column":23}},"loc":{"start":{"line":190,"column":30},"end":{"line":190,"column":96}},"line":190},"18":{"name":"(anonymous_18)","decl":{"start":{"line":193,"column":4},"end":{"line":193,"column":5}},"loc":{"start":{"line":193,"column":41},"end":{"line":199,"column":5}},"line":193},"19":{"name":"(anonymous_19)","decl":{"start":{"line":201,"column":4},"end":{"line":201,"column":5}},"loc":{"start":{"line":201,"column":24},"end":{"line":211,"column":5}},"line":201},"20":{"name":"(anonymous_20)","decl":{"start":{"line":213,"column":4},"end":{"line":213,"column":5}},"loc":{"start":{"line":213,"column":40},"end":{"line":231,"column":5}},"line":213},"21":{"name":"(anonymous_21)","decl":{"start":{"line":216,"column":30},"end":{"line":216,"column":31}},"loc":{"start":{"line":216,"column":49},"end":{"line":230,"column":9}},"line":216},"22":{"name":"(anonymous_22)","decl":{"start":{"line":233,"column":4},"end":{"line":233,"column":5}},"loc":{"start":{"line":233,"column":49},"end":{"line":253,"column":5}},"line":233},"23":{"name":"(anonymous_23)","decl":{"start":{"line":238,"column":30},"end":{"line":238,"column":31}},"loc":{"start":{"line":238,"column":49},"end":{"line":248,"column":9}},"line":238},"24":{"name":"(anonymous_24)","decl":{"start":{"line":255,"column":4},"end":{"line":255,"column":5}},"loc":{"start":{"line":255,"column":28},"end":{"line":259,"column":5}},"line":255},"25":{"name":"(anonymous_25)","decl":{"start":{"line":261,"column":4},"end":{"line":261,"column":5}},"loc":{"start":{"line":261,"column":43},"end":{"line":278,"column":5}},"line":261},"26":{"name":"(anonymous_26)","decl":{"start":{"line":280,"column":4},"end":{"line":280,"column":5}},"loc":{"start":{"line":280,"column":30},"end":{"line":292,"column":5}},"line":280},"27":{"name":"(anonymous_27)","decl":{"start":{"line":294,"column":4},"end":{"line":294,"column":5}},"loc":{"start":{"line":294,"column":30},"end":{"line":300,"column":5}},"line":294},"28":{"name":"(anonymous_28)","decl":{"start":{"line":302,"column":4},"end":{"line":302,"column":5}},"loc":{"start":{"line":302,"column":30},"end":{"line":314,"column":5}},"line":302},"29":{"name":"(anonymous_29)","decl":{"start":{"line":310,"column":26},"end":{"line":310,"column":27}},"loc":{"start":{"line":310,"column":51},"end":{"line":310,"column":86}},"line":310},"30":{"name":"(anonymous_30)","decl":{"start":{"line":311,"column":25},"end":{"line":311,"column":26}},"loc":{"start":{"line":311,"column":50},"end":{"line":311,"column":99}},"line":311},"31":{"name":"(anonymous_31)","decl":{"start":{"line":316,"column":4},"end":{"line":316,"column":5}},"loc":{"start":{"line":316,"column":21},"end":{"line":368,"column":5}},"line":316},"32":{"name":"(anonymous_32)","decl":{"start":{"line":326,"column":30},"end":{"line":326,"column":31}},"loc":{"start":{"line":326,"column":47},"end":{"line":344,"column":9}},"line":326},"33":{"name":"(anonymous_33)","decl":{"start":{"line":340,"column":45},"end":{"line":340,"column":46}},"loc":{"start":{"line":340,"column":51},"end":{"line":343,"column":13}},"line":340},"34":{"name":"(anonymous_34)","decl":{"start":{"line":350,"column":30},"end":{"line":350,"column":31}},"loc":{"start":{"line":350,"column":39},"end":{"line":365,"column":9}},"line":350},"35":{"name":"(anonymous_35)","decl":{"start":{"line":352,"column":33},"end":{"line":352,"column":34}},"loc":{"start":{"line":352,"column":39},"end":{"line":355,"column":13}},"line":352},"36":{"name":"(anonymous_36)","decl":{"start":{"line":357,"column":41},"end":{"line":357,"column":42}},"loc":{"start":{"line":357,"column":59},"end":{"line":359,"column":13}},"line":357},"37":{"name":"(anonymous_37)","decl":{"start":{"line":361,"column":33},"end":{"line":361,"column":34}},"loc":{"start":{"line":361,"column":39},"end":{"line":364,"column":13}},"line":361},"38":{"name":"(anonymous_38)","decl":{"start":{"line":370,"column":4},"end":{"line":370,"column":5}},"loc":{"start":{"line":370,"column":26},"end":{"line":389,"column":5}},"line":370}},"branchMap":{"0":{"loc":{"start":{"line":18,"column":8},"end":{"line":20,"column":9}},"type":"if","locations":[{"start":{"line":18,"column":8},"end":{"line":20,"column":9}},{"start":{"line":18,"column":8},"end":{"line":20,"column":9}}],"line":18},"1":{"loc":{"start":{"line":28,"column":20},"end":{"line":28,"column":41}},"type":"binary-expr","locations":[{"start":{"line":28,"column":20},"end":{"line":28,"column":24}},{"start":{"line":28,"column":28},"end":{"line":28,"column":41}}],"line":28},"2":{"loc":{"start":{"line":38,"column":8},"end":{"line":68,"column":9}},"type":"if","locations":[{"start":{"line":38,"column":8},"end":{"line":68,"column":9}},{"start":{"line":38,"column":8},"end":{"line":68,"column":9}}],"line":38},"3":{"loc":{"start":{"line":41,"column":23},"end":{"line":41,"column":60}},"type":"binary-expr","locations":[{"start":{"line":41,"column":23},"end":{"line":41,"column":43}},{"start":{"line":41,"column":47},"end":{"line":41,"column":60}}],"line":41},"4":{"loc":{"start":{"line":43,"column":32},"end":{"line":43,"column":112}},"type":"cond-expr","locations":[{"start":{"line":43,"column":64},"end":{"line":43,"column":96}},{"start":{"line":43,"column":99},"end":{"line":43,"column":112}}],"line":43},"5":{"loc":{"start":{"line":43,"column":32},"end":{"line":43,"column":61}},"type":"binary-expr","locations":[{"start":{"line":43,"column":32},"end":{"line":43,"column":39}},{"start":{"line":43,"column":43},"end":{"line":43,"column":61}}],"line":43},"6":{"loc":{"start":{"line":54,"column":32},"end":{"line":54,"column":168}},"type":"cond-expr","locations":[{"start":{"line":54,"column":64},"end":{"line":54,"column":96}},{"start":{"line":54,"column":99},"end":{"line":54,"column":168}}],"line":54},"7":{"loc":{"start":{"line":54,"column":32},"end":{"line":54,"column":61}},"type":"binary-expr","locations":[{"start":{"line":54,"column":32},"end":{"line":54,"column":39}},{"start":{"line":54,"column":43},"end":{"line":54,"column":61}}],"line":54},"8":{"loc":{"start":{"line":56,"column":12},"end":{"line":58,"column":13}},"type":"if","locations":[{"start":{"line":56,"column":12},"end":{"line":58,"column":13}},{"start":{"line":56,"column":12},"end":{"line":58,"column":13}}],"line":56},"9":{"loc":{"start":{"line":65,"column":12},"end":{"line":67,"column":13}},"type":"if","locations":[{"start":{"line":65,"column":12},"end":{"line":67,"column":13}},{"start":{"line":65,"column":12},"end":{"line":67,"column":13}}],"line":65},"10":{"loc":{"start":{"line":87,"column":15},"end":{"line":87,"column":63}},"type":"binary-expr","locations":[{"start":{"line":87,"column":15},"end":{"line":87,"column":30}},{"start":{"line":87,"column":34},"end":{"line":87,"column":63}}],"line":87},"11":{"loc":{"start":{"line":97,"column":26},"end":{"line":97,"column":70}},"type":"cond-expr","locations":[{"start":{"line":97,"column":30},"end":{"line":97,"column":57}},{"start":{"line":97,"column":60},"end":{"line":97,"column":70}}],"line":97},"12":{"loc":{"start":{"line":108,"column":12},"end":{"line":108,"column":80}},"type":"if","locations":[{"start":{"line":108,"column":12},"end":{"line":108,"column":80}},{"start":{"line":108,"column":12},"end":{"line":108,"column":80}}],"line":108},"13":{"loc":{"start":{"line":111,"column":16},"end":{"line":117,"column":17}},"type":"if","locations":[{"start":{"line":111,"column":16},"end":{"line":117,"column":17}},{"start":{"line":111,"column":16},"end":{"line":117,"column":17}}],"line":111},"14":{"loc":{"start":{"line":114,"column":20},"end":{"line":116,"column":21}},"type":"if","locations":[{"start":{"line":114,"column":20},"end":{"line":116,"column":21}},{"start":{"line":114,"column":20},"end":{"line":116,"column":21}}],"line":114},"15":{"loc":{"start":{"line":119,"column":16},"end":{"line":123,"column":17}},"type":"if","locations":[{"start":{"line":119,"column":16},"end":{"line":123,"column":17}},{"start":{"line":119,"column":16},"end":{"line":123,"column":17}}],"line":119},"16":{"loc":{"start":{"line":137,"column":8},"end":{"line":145,"column":9}},"type":"if","locations":[{"start":{"line":137,"column":8},"end":{"line":145,"column":9}},{"start":{"line":137,"column":8},"end":{"line":145,"column":9}}],"line":137},"17":{"loc":{"start":{"line":137,"column":12},"end":{"line":137,"column":109}},"type":"binary-expr","locations":[{"start":{"line":137,"column":12},"end":{"line":137,"column":23}},{"start":{"line":137,"column":27},"end":{"line":137,"column":49}},{"start":{"line":137,"column":54},"end":{"line":137,"column":76}},{"start":{"line":137,"column":80},"end":{"line":137,"column":108}}],"line":137},"18":{"loc":{"start":{"line":138,"column":12},"end":{"line":140,"column":13}},"type":"if","locations":[{"start":{"line":138,"column":12},"end":{"line":140,"column":13}},{"start":{"line":138,"column":12},"end":{"line":140,"column":13}}],"line":138},"19":{"loc":{"start":{"line":148,"column":8},"end":{"line":152,"column":9}},"type":"if","locations":[{"start":{"line":148,"column":8},"end":{"line":152,"column":9}},{"start":{"line":148,"column":8},"end":{"line":152,"column":9}}],"line":148},"20":{"loc":{"start":{"line":158,"column":8},"end":{"line":160,"column":9}},"type":"if","locations":[{"start":{"line":158,"column":8},"end":{"line":160,"column":9}},{"start":{"line":158,"column":8},"end":{"line":160,"column":9}}],"line":158},"21":{"loc":{"start":{"line":169,"column":8},"end":{"line":171,"column":9}},"type":"if","locations":[{"start":{"line":169,"column":8},"end":{"line":171,"column":9}},{"start":{"line":169,"column":8},"end":{"line":171,"column":9}}],"line":169},"22":{"loc":{"start":{"line":169,"column":12},"end":{"line":169,"column":46}},"type":"binary-expr","locations":[{"start":{"line":169,"column":12},"end":{"line":169,"column":33}},{"start":{"line":169,"column":37},"end":{"line":169,"column":46}}],"line":169},"23":{"loc":{"start":{"line":177,"column":8},"end":{"line":179,"column":9}},"type":"if","locations":[{"start":{"line":177,"column":8},"end":{"line":179,"column":9}},{"start":{"line":177,"column":8},"end":{"line":179,"column":9}}],"line":177},"24":{"loc":{"start":{"line":181,"column":8},"end":{"line":183,"column":9}},"type":"if","locations":[{"start":{"line":181,"column":8},"end":{"line":183,"column":9}},{"start":{"line":181,"column":8},"end":{"line":183,"column":9}}],"line":181},"25":{"loc":{"start":{"line":194,"column":8},"end":{"line":196,"column":9}},"type":"if","locations":[{"start":{"line":194,"column":8},"end":{"line":196,"column":9}},{"start":{"line":194,"column":8},"end":{"line":196,"column":9}}],"line":194},"26":{"loc":{"start":{"line":202,"column":8},"end":{"line":204,"column":9}},"type":"if","locations":[{"start":{"line":202,"column":8},"end":{"line":204,"column":9}},{"start":{"line":202,"column":8},"end":{"line":204,"column":9}}],"line":202},"27":{"loc":{"start":{"line":206,"column":8},"end":{"line":208,"column":9}},"type":"if","locations":[{"start":{"line":206,"column":8},"end":{"line":208,"column":9}},{"start":{"line":206,"column":8},"end":{"line":208,"column":9}}],"line":206},"28":{"loc":{"start":{"line":214,"column":8},"end":{"line":214,"column":51}},"type":"if","locations":[{"start":{"line":214,"column":8},"end":{"line":214,"column":51}},{"start":{"line":214,"column":8},"end":{"line":214,"column":51}}],"line":214},"29":{"loc":{"start":{"line":219,"column":12},"end":{"line":221,"column":13}},"type":"if","locations":[{"start":{"line":219,"column":12},"end":{"line":221,"column":13}},{"start":{"line":219,"column":12},"end":{"line":221,"column":13}}],"line":219},"30":{"loc":{"start":{"line":223,"column":12},"end":{"line":227,"column":13}},"type":"if","locations":[{"start":{"line":223,"column":12},"end":{"line":227,"column":13}},{"start":{"line":223,"column":12},"end":{"line":227,"column":13}}],"line":223},"31":{"loc":{"start":{"line":223,"column":16},"end":{"line":223,"column":104}},"type":"binary-expr","locations":[{"start":{"line":223,"column":16},"end":{"line":223,"column":31}},{"start":{"line":223,"column":35},"end":{"line":223,"column":64}},{"start":{"line":223,"column":68},"end":{"line":223,"column":104}}],"line":223},"32":{"loc":{"start":{"line":234,"column":8},"end":{"line":234,"column":51}},"type":"if","locations":[{"start":{"line":234,"column":8},"end":{"line":234,"column":51}},{"start":{"line":234,"column":8},"end":{"line":234,"column":51}}],"line":234},"33":{"loc":{"start":{"line":241,"column":12},"end":{"line":243,"column":13}},"type":"if","locations":[{"start":{"line":241,"column":12},"end":{"line":243,"column":13}},{"start":{"line":241,"column":12},"end":{"line":243,"column":13}}],"line":241},"34":{"loc":{"start":{"line":256,"column":8},"end":{"line":256,"column":51}},"type":"if","locations":[{"start":{"line":256,"column":8},"end":{"line":256,"column":51}},{"start":{"line":256,"column":8},"end":{"line":256,"column":51}}],"line":256},"35":{"loc":{"start":{"line":262,"column":8},"end":{"line":262,"column":53}},"type":"binary-expr","locations":[{"start":{"line":262,"column":8},"end":{"line":262,"column":25}},{"start":{"line":262,"column":30},"end":{"line":262,"column":52}}],"line":262},"36":{"loc":{"start":{"line":265,"column":8},"end":{"line":265,"column":77}},"type":"if","locations":[{"start":{"line":265,"column":8},"end":{"line":265,"column":77}},{"start":{"line":265,"column":8},"end":{"line":265,"column":77}}],"line":265},"37":{"loc":{"start":{"line":265,"column":12},"end":{"line":265,"column":68}},"type":"binary-expr","locations":[{"start":{"line":265,"column":12},"end":{"line":265,"column":42}},{"start":{"line":265,"column":46},"end":{"line":265,"column":68}}],"line":265},"38":{"loc":{"start":{"line":267,"column":8},"end":{"line":277,"column":9}},"type":"if","locations":[{"start":{"line":267,"column":8},"end":{"line":277,"column":9}},{"start":{"line":267,"column":8},"end":{"line":277,"column":9}}],"line":267},"39":{"loc":{"start":{"line":283,"column":8},"end":{"line":291,"column":9}},"type":"if","locations":[{"start":{"line":283,"column":8},"end":{"line":291,"column":9}},{"start":{"line":283,"column":8},"end":{"line":291,"column":9}}],"line":283},"40":{"loc":{"start":{"line":284,"column":12},"end":{"line":288,"column":13}},"type":"if","locations":[{"start":{"line":284,"column":12},"end":{"line":288,"column":13}},{"start":{"line":284,"column":12},"end":{"line":288,"column":13}}],"line":284},"41":{"loc":{"start":{"line":289,"column":15},"end":{"line":291,"column":9}},"type":"if","locations":[{"start":{"line":289,"column":15},"end":{"line":291,"column":9}},{"start":{"line":289,"column":15},"end":{"line":291,"column":9}}],"line":289},"42":{"loc":{"start":{"line":289,"column":19},"end":{"line":289,"column":53}},"type":"binary-expr","locations":[{"start":{"line":289,"column":19},"end":{"line":289,"column":39}},{"start":{"line":289,"column":43},"end":{"line":289,"column":53}}],"line":289},"43":{"loc":{"start":{"line":290,"column":50},"end":{"line":290,"column":106}},"type":"cond-expr","locations":[{"start":{"line":290,"column":57},"end":{"line":290,"column":101}},{"start":{"line":290,"column":104},"end":{"line":290,"column":106}}],"line":290},"44":{"loc":{"start":{"line":295,"column":8},"end":{"line":297,"column":9}},"type":"if","locations":[{"start":{"line":295,"column":8},"end":{"line":297,"column":9}},{"start":{"line":295,"column":8},"end":{"line":297,"column":9}}],"line":295},"45":{"loc":{"start":{"line":327,"column":26},"end":{"line":327,"column":72}},"type":"binary-expr","locations":[{"start":{"line":327,"column":26},"end":{"line":327,"column":45}},{"start":{"line":327,"column":49},"end":{"line":327,"column":72}}],"line":327},"46":{"loc":{"start":{"line":328,"column":12},"end":{"line":330,"column":13}},"type":"if","locations":[{"start":{"line":328,"column":12},"end":{"line":330,"column":13}},{"start":{"line":328,"column":12},"end":{"line":330,"column":13}}],"line":328},"47":{"loc":{"start":{"line":332,"column":12},"end":{"line":334,"column":13}},"type":"if","locations":[{"start":{"line":332,"column":12},"end":{"line":334,"column":13}},{"start":{"line":332,"column":12},"end":{"line":334,"column":13}}],"line":332},"48":{"loc":{"start":{"line":336,"column":12},"end":{"line":338,"column":13}},"type":"if","locations":[{"start":{"line":336,"column":12},"end":{"line":338,"column":13}},{"start":{"line":336,"column":12},"end":{"line":338,"column":13}}],"line":336},"49":{"loc":{"start":{"line":373,"column":8},"end":{"line":383,"column":9}},"type":"if","locations":[{"start":{"line":373,"column":8},"end":{"line":383,"column":9}},{"start":{"line":373,"column":8},"end":{"line":383,"column":9}}],"line":373},"50":{"loc":{"start":{"line":374,"column":12},"end":{"line":382,"column":13}},"type":"if","locations":[{"start":{"line":374,"column":12},"end":{"line":382,"column":13}},{"start":{"line":374,"column":12},"end":{"line":382,"column":13}}],"line":374},"51":{"loc":{"start":{"line":379,"column":16},"end":{"line":381,"column":17}},"type":"if","locations":[{"start":{"line":379,"column":16},"end":{"line":381,"column":17}},{"start":{"line":379,"column":16},"end":{"line":381,"column":17}}],"line":379}},"s":{"0":1,"1":1,"2":1,"3":1,"4":1,"5":1,"6":1,"7":1,"8":1,"9":24,"10":0,"11":24,"12":24,"13":24,"14":24,"15":24,"16":24,"17":24,"18":24,"19":24,"20":12,"21":12,"22":12,"23":12,"24":12,"25":12,"26":12,"27":12,"28":12,"29":12,"30":0,"31":12,"32":12,"33":12,"34":12,"35":0,"36":24,"37":24,"38":24,"39":24,"40":24,"41":24,"42":0,"43":24,"44":24,"45":0,"46":0,"47":0,"48":0,"49":0,"50":0,"51":24,"52":24,"53":24,"54":24,"55":0,"56":24,"57":24,"58":12,"59":12,"60":0,"61":24,"62":0,"63":0,"64":24,"65":12,"66":0,"67":0,"68":0,"69":0,"70":0,"71":0,"72":0,"73":0,"74":0,"75":0,"76":0,"77":0,"78":276,"79":0,"80":276,"81":276,"82":276,"83":48,"84":0,"85":48,"86":24,"87":24,"88":0,"89":0,"90":0,"91":36,"92":36,"93":216,"94":216,"95":0,"96":216,"97":252,"98":216,"99":36,"100":36,"101":0,"102":48,"103":0,"104":48,"105":132,"106":132,"107":0,"108":132,"109":0,"110":132,"111":132,"112":84,"113":0,"114":84,"115":84,"116":84,"117":84,"118":0,"119":84,"120":84,"121":84,"122":84,"123":36,"124":0,"125":36,"126":12,"127":12,"128":12,"129":0,"130":12,"131":0,"132":0,"133":0,"134":12,"135":12,"136":12,"137":504,"138":504,"139":24,"140":0,"141":24,"142":480,"143":0,"144":504,"145":0,"146":504,"147":2,"148":2,"149":0,"150":0,"151":24,"152":24,"153":84,"154":84,"155":84,"156":84,"157":0,"158":84,"159":0,"160":84,"161":84,"162":84,"163":24,"164":24,"165":24,"166":144,"167":144,"168":144,"169":144,"170":84,"171":144,"172":144,"173":144,"174":24,"175":108,"176":108,"177":108,"178":24,"179":84,"180":84,"181":0,"182":84,"183":84,"184":84,"185":1},"f":{"0":24,"1":0,"2":24,"3":0,"4":0,"5":0,"6":0,"7":0,"8":0,"9":24,"10":24,"11":12,"12":0,"13":276,"14":48,"15":24,"16":36,"17":216,"18":216,"19":252,"20":48,"21":132,"22":84,"23":84,"24":36,"25":12,"26":504,"27":504,"28":2,"29":0,"30":0,"31":24,"32":84,"33":84,"34":144,"35":144,"36":84,"37":144,"38":108},"b":{"0":[0,24],"1":[24,0],"2":[12,12],"3":[12,12],"4":[12,0],"5":[12,12],"6":[0,12],"7":[12,12],"8":[0,12],"9":[0,12],"10":[0,0],"11":[0,0],"12":[0,24],"13":[12,12],"14":[0,12],"15":[0,24],"16":[0,0],"17":[0,0,0,0],"18":[0,0],"19":[0,0],"20":[0,276],"21":[0,48],"22":[48,0],"23":[24,0],"24":[0,0],"25":[0,216],"26":[216,36],"27":[36,0],"28":[0,48],"29":[0,132],"30":[0,132],"31":[132,24,0],"32":[0,84],"33":[0,84],"34":[0,36],"35":[12,12],"36":[0,12],"37":[12,12],"38":[0,12],"39":[24,480],"40":[0,24],"41":[0,480],"42":[480,480],"43":[0,0],"44":[0,504],"45":[84,84],"46":[84,0],"47":[0,84],"48":[0,84],"49":[108,0],"50":[24,84],"51":[0,84]},"_coverageSchema":"332fd63041d2c1bcb487cc26dd0d5f7d97098a6c","hash":"50e2155d235a5b20c54834aa907d39bd62ceb1f1","contentHash":"840a5aa3aead4302433be8a3087b5f13_11.3.0"},"/Users/RockieGuo/Documents/BIT/mowa/temp/enum/feature.js":{"path":"/Users/RockieGuo/Documents/BIT/mowa/temp/enum/feature.js","statementMap":{"0":{"start":{"line":3,"column":22},"end":{"line":15,"column":1}}},"fnMap":{},"branchMap":{},"s":{"0":1},"f":{},"b":{},"_coverageSchema":"332fd63041d2c1bcb487cc26dd0d5f7d97098a6c","hash":"e600ef6a5fba979955784a241761ca4c8c2f4683","contentHash":"a2dd8ef78d1083bf7a09b9b7c4b06389_11.3.0"},"/Users/RockieGuo/Documents/BIT/mowa/temp/enum/literal.js":{"path":"/Users/RockieGuo/Documents/BIT/mowa/temp/enum/literal.js","statementMap":{"0":{"start":{"line":3,"column":17},"end":{"line":35,"column":1}}},"fnMap":{},"branchMap":{},"s":{"0":1},"f":{},"b":{},"_coverageSchema":"332fd63041d2c1bcb487cc26dd0d5f7d97098a6c","hash":"daa14a1a3d9d329cca85b0b0c2c5a4f99267aefc","contentHash":"39f3440bd3b3547b8b064636882a5dda_11.3.0"},"/Users/RockieGuo/Documents/BIT/mowa/temp/error.js":{"path":"/Users/RockieGuo/Documents/BIT/mowa/temp/error.js","statementMap":{"0":{"start":{"line":3,"column":17},"end":{"line":3,"column":46}},"1":{"start":{"line":7,"column":4},"end":{"line":7,"column":52}},"2":{"start":{"line":8,"column":4},"end":{"line":8,"column":71}},"3":{"start":{"line":8,"column":19},"end":{"line":8,"column":71}},"4":{"start":{"line":9,"column":4},"end":{"line":9,"column":47}},"5":{"start":{"line":9,"column":14},"end":{"line":9,"column":47}},"6":{"start":{"line":11,"column":4},"end":{"line":11,"column":19}},"7":{"start":{"line":13,"column":4},"end":{"line":13,"column":39}},"8":{"start":{"line":15,"column":4},"end":{"line":15,"column":54}},"9":{"start":{"line":21,"column":4},"end":{"line":21,"column":19}},"10":{"start":{"line":23,"column":4},"end":{"line":23,"column":30}},"11":{"start":{"line":25,"column":4},"end":{"line":25,"column":54}},"12":{"start":{"line":29,"column":0},"end":{"line":29,"column":52}},"13":{"start":{"line":30,"column":0},"end":{"line":30,"column":34}}},"fnMap":{"0":{"name":"(anonymous_0)","decl":{"start":{"line":6,"column":2},"end":{"line":6,"column":3}},"loc":{"start":{"line":6,"column":40},"end":{"line":16,"column":3}},"line":6},"1":{"name":"(anonymous_1)","decl":{"start":{"line":20,"column":2},"end":{"line":20,"column":3}},"loc":{"start":{"line":20,"column":23},"end":{"line":26,"column":3}},"line":20}},"branchMap":{"0":{"loc":{"start":{"line":7,"column":4},"end":{"line":7,"column":51}},"type":"binary-expr","locations":[{"start":{"line":7,"column":4},"end":{"line":7,"column":11}},{"start":{"line":7,"column":16},"end":{"line":7,"column":50}}],"line":7},"1":{"loc":{"start":{"line":8,"column":4},"end":{"line":8,"column":71}},"type":"if","locations":[{"start":{"line":8,"column":4},"end":{"line":8,"column":71}},{"start":{"line":8,"column":4},"end":{"line":8,"column":71}}],"line":8},"2":{"loc":{"start":{"line":9,"column":4},"end":{"line":9,"column":47}},"type":"if","locations":[{"start":{"line":9,"column":4},"end":{"line":9,"column":47}},{"start":{"line":9,"column":4},"end":{"line":9,"column":47}}],"line":9}},"s":{"0":1,"1":0,"2":0,"3":0,"4":0,"5":0,"6":0,"7":0,"8":0,"9":0,"10":0,"11":0,"12":1,"13":1},"f":{"0":0,"1":0},"b":{"0":[0,0],"1":[0,0],"2":[0,0]},"_coverageSchema":"332fd63041d2c1bcb487cc26dd0d5f7d97098a6c","hash":"6692d34f4148da0650f2810831f4149d153a41fd","contentHash":"5727b51e67c93610cee64771bc8be90a_11.3.0"},"/Users/RockieGuo/Documents/BIT/mowa/temp/enum/httpcode.js":{"path":"/Users/RockieGuo/Documents/BIT/mowa/temp/enum/httpcode.js","statementMap":{"0":{"start":{"line":3,"column":18},"end":{"line":29,"column":1}}},"fnMap":{},"branchMap":{},"s":{"0":1},"f":{},"b":{},"_coverageSchema":"332fd63041d2c1bcb487cc26dd0d5f7d97098a6c","hash":"038b9c32b69cbcf40b26531ffc17c8b1503faf90","contentHash":"24b9a9e8aef15c4164c18848d496a7ed_11.3.0"},"/Users/RockieGuo/Documents/BIT/mowa/temp/oolong/runtime/index.js":{"path":"/Users/RockieGuo/Documents/BIT/mowa/temp/oolong/runtime/index.js","statementMap":{"0":{"start":{"line":3,"column":14},"end":{"line":3,"column":35}},"1":{"start":{"line":4,"column":15},"end":{"line":4,"column":37}},"2":{"start":{"line":5,"column":19},"end":{"line":5,"column":45}},"3":{"start":{"line":6,"column":19},"end":{"line":6,"column":45}},"4":{"start":{"line":7,"column":15},"end":{"line":7,"column":37}},"5":{"start":{"line":9,"column":0},"end":{"line":9,"column":82}}},"fnMap":{},"branchMap":{},"s":{"0":1,"1":1,"2":1,"3":1,"4":1,"5":1},"f":{},"b":{},"_coverageSchema":"332fd63041d2c1bcb487cc26dd0d5f7d97098a6c","hash":"3ed8f0f4ed0f9b3d31c0bc4870ebcdb94539f4db","contentHash":"96101fc42dfd5209cc65f26c07b58475_11.3.0"},"/Users/RockieGuo/Documents/BIT/mowa/temp/oolong/runtime/types.js":{"path":"/Users/RockieGuo/Documents/BIT/mowa/temp/oolong/runtime/types.js","statementMap":{"0":{"start":{"line":3,"column":14},"end":{"line":5,"column":1}},"1":{"start":{"line":4,"column":4},"end":{"line":4,"column":79}},"2":{"start":{"line":7,"column":16},"end":{"line":9,"column":1}},"3":{"start":{"line":8,"column":4},"end":{"line":8,"column":50}},"4":{"start":{"line":11,"column":22},"end":{"line":29,"column":1}},"5":{"start":{"line":12,"column":4},"end":{"line":14,"column":5}},"6":{"start":{"line":13,"column":8},"end":{"line":13,"column":21}},"7":{"start":{"line":16,"column":15},"end":{"line":16,"column":32}},"8":{"start":{"line":17,"column":4},"end":{"line":17,"column":49}},"9":{"start":{"line":17,"column":36},"end":{"line":17,"column":49}},"10":{"start":{"line":19,"column":15},"end":{"line":19,"column":30}},"11":{"start":{"line":20,"column":4},"end":{"line":22,"column":5}},"12":{"start":{"line":21,"column":8},"end":{"line":21,"column":21}},"13":{"start":{"line":24,"column":4},"end":{"line":26,"column":5}},"14":{"start":{"line":25,"column":8},"end":{"line":25,"column":21}},"15":{"start":{"line":28,"column":4},"end":{"line":28,"column":16}},"16":{"start":{"line":31,"column":21},"end":{"line":31,"column":25}},"17":{"start":{"line":32,"column":29},"end":{"line":32,"column":35}},"18":{"start":{"line":33,"column":39},"end":{"line":33,"column":47}},"19":{"start":{"line":35,"column":18},"end":{"line":45,"column":1}},"20":{"start":{"line":36,"column":4},"end":{"line":38,"column":5}},"21":{"start":{"line":37,"column":8},"end":{"line":37,"column":58}},"22":{"start":{"line":40,"column":4},"end":{"line":42,"column":5}},"23":{"start":{"line":41,"column":8},"end":{"line":41,"column":44}},"24":{"start":{"line":44,"column":4},"end":{"line":44,"column":13}},"25":{"start":{"line":47,"column":20},"end":{"line":57,"column":1}},"26":{"start":{"line":48,"column":4},"end":{"line":54,"column":5}},"27":{"start":{"line":49,"column":8},"end":{"line":49,"column":38}},"28":{"start":{"line":51,"column":8},"end":{"line":53,"column":9}},"29":{"start":{"line":52,"column":12},"end":{"line":52,"column":62}},"30":{"start":{"line":56,"column":4},"end":{"line":56,"column":13}},"31":{"start":{"line":59,"column":0},"end":{"line":59,"column":22}},"32":{"start":{"line":60,"column":0},"end":{"line":60,"column":26}},"33":{"start":{"line":61,"column":0},"end":{"line":61,"column":38}},"34":{"start":{"line":63,"column":0},"end":{"line":63,"column":25}},"35":{"start":{"line":64,"column":0},"end":{"line":64,"column":29}},"36":{"start":{"line":65,"column":0},"end":{"line":65,"column":27}},"37":{"start":{"line":66,"column":0},"end":{"line":66,"column":27}},"38":{"start":{"line":67,"column":0},"end":{"line":67,"column":31}},"39":{"start":{"line":68,"column":0},"end":{"line":68,"column":35}},"40":{"start":{"line":69,"column":0},"end":{"line":69,"column":27}},"41":{"start":{"line":70,"column":0},"end":{"line":70,"column":25}},"42":{"start":{"line":71,"column":0},"end":{"line":71,"column":27}},"43":{"start":{"line":72,"column":0},"end":{"line":72,"column":25}}},"fnMap":{"0":{"name":"(anonymous_0)","decl":{"start":{"line":3,"column":14},"end":{"line":3,"column":15}},"loc":{"start":{"line":3,"column":29},"end":{"line":5,"column":1}},"line":3},"1":{"name":"(anonymous_1)","decl":{"start":{"line":7,"column":16},"end":{"line":7,"column":17}},"loc":{"start":{"line":7,"column":31},"end":{"line":9,"column":1}},"line":7},"2":{"name":"(anonymous_2)","decl":{"start":{"line":11,"column":22},"end":{"line":11,"column":23}},"loc":{"start":{"line":11,"column":39},"end":{"line":29,"column":1}},"line":11},"3":{"name":"(anonymous_3)","decl":{"start":{"line":35,"column":18},"end":{"line":35,"column":19}},"loc":{"start":{"line":35,"column":31},"end":{"line":45,"column":1}},"line":35},"4":{"name":"(anonymous_4)","decl":{"start":{"line":47,"column":20},"end":{"line":47,"column":21}},"loc":{"start":{"line":47,"column":33},"end":{"line":57,"column":1}},"line":47}},"branchMap":{"0":{"loc":{"start":{"line":4,"column":11},"end":{"line":4,"column":78}},"type":"binary-expr","locations":[{"start":{"line":4,"column":11},"end":{"line":4,"column":34}},{"start":{"line":4,"column":38},"end":{"line":4,"column":51}},{"start":{"line":4,"column":55},"end":{"line":4,"column":78}}],"line":4},"1":{"loc":{"start":{"line":8,"column":11},"end":{"line":8,"column":49}},"type":"binary-expr","locations":[{"start":{"line":8,"column":11},"end":{"line":8,"column":34}},{"start":{"line":8,"column":38},"end":{"line":8,"column":49}}],"line":8},"2":{"loc":{"start":{"line":12,"column":4},"end":{"line":14,"column":5}},"type":"if","locations":[{"start":{"line":12,"column":4},"end":{"line":14,"column":5}},{"start":{"line":12,"column":4},"end":{"line":14,"column":5}}],"line":12},"3":{"loc":{"start":{"line":12,"column":8},"end":{"line":12,"column":74}},"type":"binary-expr","locations":[{"start":{"line":12,"column":8},"end":{"line":12,"column":33}},{"start":{"line":12,"column":37},"end":{"line":12,"column":74}}],"line":12},"4":{"loc":{"start":{"line":17,"column":4},"end":{"line":17,"column":49}},"type":"if","locations":[{"start":{"line":17,"column":4},"end":{"line":17,"column":49}},{"start":{"line":17,"column":4},"end":{"line":17,"column":49}}],"line":17},"5":{"loc":{"start":{"line":20,"column":4},"end":{"line":22,"column":5}},"type":"if","locations":[{"start":{"line":20,"column":4},"end":{"line":22,"column":5}},{"start":{"line":20,"column":4},"end":{"line":22,"column":5}}],"line":20},"6":{"loc":{"start":{"line":20,"column":8},"end":{"line":20,"column":72}},"type":"binary-expr","locations":[{"start":{"line":20,"column":8},"end":{"line":20,"column":32}},{"start":{"line":20,"column":36},"end":{"line":20,"column":72}}],"line":20},"7":{"loc":{"start":{"line":24,"column":4},"end":{"line":26,"column":5}},"type":"if","locations":[{"start":{"line":24,"column":4},"end":{"line":26,"column":5}},{"start":{"line":24,"column":4},"end":{"line":26,"column":5}}],"line":24},"8":{"loc":{"start":{"line":36,"column":4},"end":{"line":38,"column":5}},"type":"if","locations":[{"start":{"line":36,"column":4},"end":{"line":38,"column":5}},{"start":{"line":36,"column":4},"end":{"line":38,"column":5}}],"line":36},"9":{"loc":{"start":{"line":40,"column":4},"end":{"line":42,"column":5}},"type":"if","locations":[{"start":{"line":40,"column":4},"end":{"line":42,"column":5}},{"start":{"line":40,"column":4},"end":{"line":42,"column":5}}],"line":40},"10":{"loc":{"start":{"line":48,"column":4},"end":{"line":54,"column":5}},"type":"if","locations":[{"start":{"line":48,"column":4},"end":{"line":54,"column":5}},{"start":{"line":48,"column":4},"end":{"line":54,"column":5}}],"line":48},"11":{"loc":{"start":{"line":48,"column":8},"end":{"line":48,"column":62}},"type":"binary-expr","locations":[{"start":{"line":48,"column":8},"end":{"line":48,"column":34}},{"start":{"line":48,"column":38},"end":{"line":48,"column":62}}],"line":48},"12":{"loc":{"start":{"line":51,"column":8},"end":{"line":53,"column":9}},"type":"if","locations":[{"start":{"line":51,"column":8},"end":{"line":53,"column":9}},{"start":{"line":51,"column":8},"end":{"line":53,"column":9}}],"line":51}},"s":{"0":1,"1":0,"2":1,"3":0,"4":1,"5":0,"6":0,"7":0,"8":0,"9":0,"10":0,"11":0,"12":0,"13":0,"14":0,"15":0,"16":1,"17":1,"18":1,"19":1,"20":0,"21":0,"22":0,"23":0,"24":0,"25":1,"26":0,"27":0,"28":0,"29":0,"30":0,"31":1,"32":1,"33":1,"34":1,"35":1,"36":1,"37":1,"38":1,"39":1,"40":1,"41":1,"42":1,"43":1},"f":{"0":0,"1":0,"2":0,"3":0,"4":0},"b":{"0":[0,0,0],"1":[0,0],"2":[0,0],"3":[0,0],"4":[0,0],"5":[0,0],"6":[0,0],"7":[0,0],"8":[0,0],"9":[0,0],"10":[0,0],"11":[0,0],"12":[0,0]},"_coverageSchema":"332fd63041d2c1bcb487cc26dd0d5f7d97098a6c","hash":"464eb4803520a48a237ef32f18e5abf558d1a3bf","contentHash":"2fae040e5be6c28b9e79ff56465cef2f_11.3.0"},"/Users/RockieGuo/Documents/BIT/mowa/temp/oolong/runtime/errors.js":{"path":"/Users/RockieGuo/Documents/BIT/mowa/temp/oolong/runtime/errors.js","statementMap":{"0":{"start":{"line":3,"column":10},"end":{"line":3,"column":27}},"1":{"start":{"line":7,"column":8},"end":{"line":9,"column":9}},"2":{"start":{"line":8,"column":12},"end":{"line":8,"column":47}},"3":{"start":{"line":11,"column":8},"end":{"line":13,"column":9}},"4":{"start":{"line":12,"column":12},"end":{"line":12,"column":45}},"5":{"start":{"line":15,"column":8},"end":{"line":15,"column":23}},"6":{"start":{"line":17,"column":8},"end":{"line":17,"column":43}},"7":{"start":{"line":18,"column":8},"end":{"line":18,"column":26}},"8":{"start":{"line":22,"column":8},"end":{"line":22,"column":219}},"9":{"start":{"line":22,"column":113},"end":{"line":22,"column":140}},"10":{"start":{"line":22,"column":175},"end":{"line":22,"column":204}},"11":{"start":{"line":26,"column":0},"end":{"line":26,"column":53}},"12":{"start":{"line":27,"column":0},"end":{"line":27,"column":71}},"13":{"start":{"line":28,"column":0},"end":{"line":28,"column":61}},"14":{"start":{"line":32,"column":8},"end":{"line":34,"column":9}},"15":{"start":{"line":33,"column":12},"end":{"line":33,"column":47}},"16":{"start":{"line":36,"column":8},"end":{"line":38,"column":9}},"17":{"start":{"line":37,"column":12},"end":{"line":37,"column":45}},"18":{"start":{"line":40,"column":8},"end":{"line":40,"column":23}},"19":{"start":{"line":42,"column":8},"end":{"line":42,"column":42}},"20":{"start":{"line":43,"column":8},"end":{"line":43,"column":26}},"21":{"start":{"line":47,"column":0},"end":{"line":47,"column":70}},"22":{"start":{"line":48,"column":0},"end":{"line":48,"column":76}},"23":{"start":{"line":49,"column":0},"end":{"line":49,"column":58}},"24":{"start":{"line":51,"column":0},"end":{"line":51,"column":52}},"25":{"start":{"line":52,"column":0},"end":{"line":52,"column":50}}},"fnMap":{"0":{"name":"(anonymous_0)","decl":{"start":{"line":6,"column":4},"end":{"line":6,"column":5}},"loc":{"start":{"line":6,"column":42},"end":{"line":19,"column":5}},"line":6},"1":{"name":"(anonymous_1)","decl":{"start":{"line":21,"column":4},"end":{"line":21,"column":5}},"loc":{"start":{"line":21,"column":49},"end":{"line":23,"column":5}},"line":21},"2":{"name":"(anonymous_2)","decl":{"start":{"line":22,"column":103},"end":{"line":22,"column":104}},"loc":{"start":{"line":22,"column":113},"end":{"line":22,"column":140}},"line":22},"3":{"name":"(anonymous_3)","decl":{"start":{"line":22,"column":165},"end":{"line":22,"column":166}},"loc":{"start":{"line":22,"column":175},"end":{"line":22,"column":204}},"line":22},"4":{"name":"(anonymous_4)","decl":{"start":{"line":31,"column":4},"end":{"line":31,"column":5}},"loc":{"start":{"line":31,"column":42},"end":{"line":44,"column":5}},"line":31}},"branchMap":{"0":{"loc":{"start":{"line":7,"column":8},"end":{"line":9,"column":9}},"type":"if","locations":[{"start":{"line":7,"column":8},"end":{"line":9,"column":9}},{"start":{"line":7,"column":8},"end":{"line":9,"column":9}}],"line":7},"1":{"loc":{"start":{"line":11,"column":8},"end":{"line":13,"column":9}},"type":"if","locations":[{"start":{"line":11,"column":8},"end":{"line":13,"column":9}},{"start":{"line":11,"column":8},"end":{"line":13,"column":9}}],"line":11},"2":{"loc":{"start":{"line":32,"column":8},"end":{"line":34,"column":9}},"type":"if","locations":[{"start":{"line":32,"column":8},"end":{"line":34,"column":9}},{"start":{"line":32,"column":8},"end":{"line":34,"column":9}}],"line":32},"3":{"loc":{"start":{"line":36,"column":8},"end":{"line":38,"column":9}},"type":"if","locations":[{"start":{"line":36,"column":8},"end":{"line":38,"column":9}},{"start":{"line":36,"column":8},"end":{"line":38,"column":9}}],"line":36}},"s":{"0":1,"1":0,"2":0,"3":0,"4":0,"5":0,"6":0,"7":0,"8":0,"9":0,"10":0,"11":1,"12":1,"13":1,"14":0,"15":0,"16":0,"17":0,"18":0,"19":0,"20":0,"21":1,"22":1,"23":1,"24":1,"25":1},"f":{"0":0,"1":0,"2":0,"3":0,"4":0},"b":{"0":[0,0],"1":[0,0],"2":[0,0],"3":[0,0]},"_coverageSchema":"332fd63041d2c1bcb487cc26dd0d5f7d97098a6c","hash":"4acab7743ba135cbc4607c44df192877c6e8d699","contentHash":"e5213736f13c07b1ba622f43c57d472b_11.3.0"},"/Users/RockieGuo/Documents/BIT/mowa/temp/oolong/runtime/validators.js":{"path":"/Users/RockieGuo/Documents/BIT/mowa/temp/oolong/runtime/validators.js","statementMap":{"0":{"start":{"line":3,"column":18},"end":{"line":3,"column":38}},"1":{"start":{"line":4,"column":14},"end":{"line":4,"column":35}},"2":{"start":{"line":5,"column":12},"end":{"line":5,"column":31}},"3":{"start":{"line":7,"column":32},"end":{"line":52,"column":1}},"4":{"start":{"line":54,"column":24},"end":{"line":54,"column":154}},"5":{"start":{"line":56,"column":20},"end":{"line":74,"column":1}},"6":{"start":{"line":57,"column":4},"end":{"line":63,"column":5}},"7":{"start":{"line":58,"column":8},"end":{"line":62,"column":9}},"8":{"start":{"line":59,"column":12},"end":{"line":59,"column":36}},"9":{"start":{"line":61,"column":12},"end":{"line":61,"column":48}},"10":{"start":{"line":65,"column":4},"end":{"line":67,"column":5}},"11":{"start":{"line":66,"column":8},"end":{"line":66,"column":46}},"12":{"start":{"line":69,"column":4},"end":{"line":71,"column":5}},"13":{"start":{"line":70,"column":8},"end":{"line":70,"column":45}},"14":{"start":{"line":73,"column":4},"end":{"line":73,"column":32}},"15":{"start":{"line":76,"column":22},"end":{"line":98,"column":1}},"16":{"start":{"line":77,"column":4},"end":{"line":83,"column":5}},"17":{"start":{"line":78,"column":8},"end":{"line":82,"column":9}},"18":{"start":{"line":79,"column":12},"end":{"line":79,"column":38}},"19":{"start":{"line":81,"column":12},"end":{"line":81,"column":52}},"20":{"start":{"line":85,"column":4},"end":{"line":87,"column":5}},"21":{"start":{"line":86,"column":8},"end":{"line":86,"column":46}},"22":{"start":{"line":89,"column":4},"end":{"line":91,"column":5}},"23":{"start":{"line":90,"column":8},"end":{"line":90,"column":45}},"24":{"start":{"line":93,"column":4},"end":{"line":95,"column":5}},"25":{"start":{"line":94,"column":8},"end":{"line":94,"column":58}},"26":{"start":{"line":97,"column":4},"end":{"line":97,"column":32}},"27":{"start":{"line":100,"column":21},"end":{"line":111,"column":1}},"28":{"start":{"line":101,"column":4},"end":{"line":108,"column":5}},"29":{"start":{"line":102,"column":16},"end":{"line":102,"column":83}},"30":{"start":{"line":103,"column":8},"end":{"line":105,"column":9}},"31":{"start":{"line":104,"column":12},"end":{"line":104,"column":53}},"32":{"start":{"line":107,"column":8},"end":{"line":107,"column":22}},"33":{"start":{"line":110,"column":4},"end":{"line":110,"column":32}},"34":{"start":{"line":113,"column":21},"end":{"line":131,"column":1}},"35":{"start":{"line":114,"column":4},"end":{"line":116,"column":5}},"36":{"start":{"line":115,"column":8},"end":{"line":115,"column":33}},"37":{"start":{"line":118,"column":4},"end":{"line":120,"column":5}},"38":{"start":{"line":119,"column":8},"end":{"line":119,"column":47}},"39":{"start":{"line":122,"column":4},"end":{"line":124,"column":5}},"40":{"start":{"line":123,"column":8},"end":{"line":123,"column":44}},"41":{"start":{"line":126,"column":4},"end":{"line":128,"column":5}},"42":{"start":{"line":127,"column":8},"end":{"line":127,"column":29}},"43":{"start":{"line":130,"column":4},"end":{"line":130,"column":32}},"44":{"start":{"line":133,"column":23},"end":{"line":147,"column":1}},"45":{"start":{"line":134,"column":4},"end":{"line":136,"column":5}},"46":{"start":{"line":135,"column":8},"end":{"line":135,"column":46}},"47":{"start":{"line":138,"column":4},"end":{"line":140,"column":5}},"48":{"start":{"line":139,"column":8},"end":{"line":139,"column":47}},"49":{"start":{"line":142,"column":4},"end":{"line":144,"column":5}},"50":{"start":{"line":143,"column":8},"end":{"line":143,"column":44}},"51":{"start":{"line":146,"column":4},"end":{"line":146,"column":32}},"52":{"start":{"line":149,"column":25},"end":{"line":165,"column":1}},"53":{"start":{"line":150,"column":4},"end":{"line":162,"column":5}},"54":{"start":{"line":151,"column":16},"end":{"line":151,"column":39}},"55":{"start":{"line":152,"column":8},"end":{"line":159,"column":9}},"56":{"start":{"line":153,"column":23},"end":{"line":153,"column":36}},"57":{"start":{"line":154,"column":12},"end":{"line":156,"column":13}},"58":{"start":{"line":155,"column":16},"end":{"line":155,"column":61}},"59":{"start":{"line":158,"column":12},"end":{"line":158,"column":52}},"60":{"start":{"line":161,"column":8},"end":{"line":161,"column":27}},"61":{"start":{"line":164,"column":4},"end":{"line":164,"column":32}},"62":{"start":{"line":167,"column":21},"end":{"line":169,"column":1}},"63":{"start":{"line":168,"column":4},"end":{"line":168,"column":84}},"64":{"start":{"line":171,"column":20},"end":{"line":180,"column":1}},"65":{"start":{"line":172,"column":15},"end":{"line":172,"column":27}},"66":{"start":{"line":173,"column":4},"end":{"line":177,"column":5}},"67":{"start":{"line":174,"column":8},"end":{"line":174,"column":37}},"68":{"start":{"line":175,"column":11},"end":{"line":177,"column":5}},"69":{"start":{"line":176,"column":8},"end":{"line":176,"column":54}},"70":{"start":{"line":179,"column":4},"end":{"line":179,"column":32}},"71":{"start":{"line":182,"column":21},"end":{"line":188,"column":1}},"72":{"start":{"line":183,"column":4},"end":{"line":185,"column":5}},"73":{"start":{"line":184,"column":8},"end":{"line":184,"column":48}},"74":{"start":{"line":187,"column":4},"end":{"line":187,"column":32}},"75":{"start":{"line":190,"column":20},"end":{"line":198,"column":1}},"76":{"start":{"line":191,"column":4},"end":{"line":195,"column":5}},"77":{"start":{"line":191,"column":43},"end":{"line":195,"column":5}},"78":{"start":{"line":192,"column":8},"end":{"line":192,"column":32}},"79":{"start":{"line":193,"column":11},"end":{"line":195,"column":5}},"80":{"start":{"line":194,"column":8},"end":{"line":194,"column":47}},"81":{"start":{"line":197,"column":4},"end":{"line":197,"column":32}},"82":{"start":{"line":200,"column":0},"end":{"line":246,"column":2}},"83":{"start":{"line":203,"column":4},"end":{"line":234,"column":5}},"84":{"start":{"line":205,"column":12},"end":{"line":205,"column":56}},"85":{"start":{"line":206,"column":12},"end":{"line":206,"column":18}},"86":{"start":{"line":208,"column":12},"end":{"line":208,"column":58}},"87":{"start":{"line":209,"column":12},"end":{"line":209,"column":18}},"88":{"start":{"line":211,"column":12},"end":{"line":211,"column":57}},"89":{"start":{"line":212,"column":12},"end":{"line":212,"column":18}},"90":{"start":{"line":214,"column":12},"end":{"line":214,"column":57}},"91":{"start":{"line":215,"column":12},"end":{"line":215,"column":18}},"92":{"start":{"line":217,"column":12},"end":{"line":217,"column":59}},"93":{"start":{"line":218,"column":12},"end":{"line":218,"column":18}},"94":{"start":{"line":220,"column":12},"end":{"line":220,"column":61}},"95":{"start":{"line":221,"column":12},"end":{"line":221,"column":18}},"96":{"start":{"line":223,"column":12},"end":{"line":223,"column":57}},"97":{"start":{"line":224,"column":12},"end":{"line":224,"column":18}},"98":{"start":{"line":226,"column":12},"end":{"line":226,"column":56}},"99":{"start":{"line":227,"column":12},"end":{"line":227,"column":18}},"100":{"start":{"line":229,"column":12},"end":{"line":229,"column":57}},"101":{"start":{"line":230,"column":12},"end":{"line":230,"column":18}},"102":{"start":{"line":232,"column":12},"end":{"line":232,"column":56}},"103":{"start":{"line":233,"column":12},"end":{"line":233,"column":18}},"104":{"start":{"line":236,"column":4},"end":{"line":243,"column":5}},"105":{"start":{"line":237,"column":8},"end":{"line":237,"column":92}},"106":{"start":{"line":239,"column":20},"end":{"line":239,"column":147}},"107":{"start":{"line":239,"column":53},"end":{"line":239,"column":146}},"108":{"start":{"line":240,"column":8},"end":{"line":242,"column":9}},"109":{"start":{"line":241,"column":12},"end":{"line":241,"column":102}},"110":{"start":{"line":245,"column":4},"end":{"line":245,"column":18}}},"fnMap":{"0":{"name":"(anonymous_0)","decl":{"start":{"line":56,"column":20},"end":{"line":56,"column":21}},"loc":{"start":{"line":56,"column":43},"end":{"line":74,"column":1}},"line":56},"1":{"name":"(anonymous_1)","decl":{"start":{"line":76,"column":22},"end":{"line":76,"column":23}},"loc":{"start":{"line":76,"column":45},"end":{"line":98,"column":1}},"line":76},"2":{"name":"(anonymous_2)","decl":{"start":{"line":100,"column":21},"end":{"line":100,"column":22}},"loc":{"start":{"line":100,"column":44},"end":{"line":111,"column":1}},"line":100},"3":{"name":"(anonymous_3)","decl":{"start":{"line":113,"column":21},"end":{"line":113,"column":22}},"loc":{"start":{"line":113,"column":44},"end":{"line":131,"column":1}},"line":113},"4":{"name":"(anonymous_4)","decl":{"start":{"line":133,"column":23},"end":{"line":133,"column":24}},"loc":{"start":{"line":133,"column":46},"end":{"line":147,"column":1}},"line":133},"5":{"name":"(anonymous_5)","decl":{"start":{"line":149,"column":25},"end":{"line":149,"column":26}},"loc":{"start":{"line":149,"column":48},"end":{"line":165,"column":1}},"line":149},"6":{"name":"(anonymous_6)","decl":{"start":{"line":167,"column":21},"end":{"line":167,"column":22}},"loc":{"start":{"line":167,"column":44},"end":{"line":169,"column":1}},"line":167},"7":{"name":"(anonymous_7)","decl":{"start":{"line":171,"column":20},"end":{"line":171,"column":21}},"loc":{"start":{"line":171,"column":43},"end":{"line":180,"column":1}},"line":171},"8":{"name":"(anonymous_8)","decl":{"start":{"line":182,"column":21},"end":{"line":182,"column":22}},"loc":{"start":{"line":182,"column":44},"end":{"line":188,"column":1}},"line":182},"9":{"name":"(anonymous_9)","decl":{"start":{"line":190,"column":20},"end":{"line":190,"column":21}},"loc":{"start":{"line":190,"column":43},"end":{"line":198,"column":1}},"line":190},"10":{"name":"(anonymous_10)","decl":{"start":{"line":200,"column":30},"end":{"line":200,"column":31}},"loc":{"start":{"line":200,"column":64},"end":{"line":246,"column":1}},"line":200},"11":{"name":"(anonymous_11)","decl":{"start":{"line":239,"column":45},"end":{"line":239,"column":46}},"loc":{"start":{"line":239,"column":53},"end":{"line":239,"column":146}},"line":239}},"branchMap":{"0":{"loc":{"start":{"line":57,"column":4},"end":{"line":63,"column":5}},"type":"if","locations":[{"start":{"line":57,"column":4},"end":{"line":63,"column":5}},{"start":{"line":57,"column":4},"end":{"line":63,"column":5}}],"line":57},"1":{"loc":{"start":{"line":58,"column":8},"end":{"line":62,"column":9}},"type":"if","locations":[{"start":{"line":58,"column":8},"end":{"line":62,"column":9}},{"start":{"line":58,"column":8},"end":{"line":62,"column":9}}],"line":58},"2":{"loc":{"start":{"line":65,"column":4},"end":{"line":67,"column":5}},"type":"if","locations":[{"start":{"line":65,"column":4},"end":{"line":67,"column":5}},{"start":{"line":65,"column":4},"end":{"line":67,"column":5}}],"line":65},"3":{"loc":{"start":{"line":65,"column":8},"end":{"line":65,"column":41}},"type":"binary-expr","locations":[{"start":{"line":65,"column":8},"end":{"line":65,"column":21}},{"start":{"line":65,"column":25},"end":{"line":65,"column":41}}],"line":65},"4":{"loc":{"start":{"line":69,"column":4},"end":{"line":71,"column":5}},"type":"if","locations":[{"start":{"line":69,"column":4},"end":{"line":71,"column":5}},{"start":{"line":69,"column":4},"end":{"line":71,"column":5}}],"line":69},"5":{"loc":{"start":{"line":69,"column":8},"end":{"line":69,"column":41}},"type":"binary-expr","locations":[{"start":{"line":69,"column":8},"end":{"line":69,"column":21}},{"start":{"line":69,"column":25},"end":{"line":69,"column":41}}],"line":69},"6":{"loc":{"start":{"line":77,"column":4},"end":{"line":83,"column":5}},"type":"if","locations":[{"start":{"line":77,"column":4},"end":{"line":83,"column":5}},{"start":{"line":77,"column":4},"end":{"line":83,"column":5}}],"line":77},"7":{"loc":{"start":{"line":78,"column":8},"end":{"line":82,"column":9}},"type":"if","locations":[{"start":{"line":78,"column":8},"end":{"line":82,"column":9}},{"start":{"line":78,"column":8},"end":{"line":82,"column":9}}],"line":78},"8":{"loc":{"start":{"line":85,"column":4},"end":{"line":87,"column":5}},"type":"if","locations":[{"start":{"line":85,"column":4},"end":{"line":87,"column":5}},{"start":{"line":85,"column":4},"end":{"line":87,"column":5}}],"line":85},"9":{"loc":{"start":{"line":85,"column":8},"end":{"line":85,"column":41}},"type":"binary-expr","locations":[{"start":{"line":85,"column":8},"end":{"line":85,"column":21}},{"start":{"line":85,"column":25},"end":{"line":85,"column":41}}],"line":85},"10":{"loc":{"start":{"line":89,"column":4},"end":{"line":91,"column":5}},"type":"if","locations":[{"start":{"line":89,"column":4},"end":{"line":91,"column":5}},{"start":{"line":89,"column":4},"end":{"line":91,"column":5}}],"line":89},"11":{"loc":{"start":{"line":89,"column":8},"end":{"line":89,"column":41}},"type":"binary-expr","locations":[{"start":{"line":89,"column":8},"end":{"line":89,"column":21}},{"start":{"line":89,"column":25},"end":{"line":89,"column":41}}],"line":89},"12":{"loc":{"start":{"line":93,"column":4},"end":{"line":95,"column":5}},"type":"if","locations":[{"start":{"line":93,"column":4},"end":{"line":95,"column":5}},{"start":{"line":93,"column":4},"end":{"line":95,"column":5}}],"line":93},"13":{"loc":{"start":{"line":101,"column":4},"end":{"line":108,"column":5}},"type":"if","locations":[{"start":{"line":101,"column":4},"end":{"line":108,"column":5}},{"start":{"line":101,"column":4},"end":{"line":108,"column":5}}],"line":101},"14":{"loc":{"start":{"line":103,"column":8},"end":{"line":105,"column":9}},"type":"if","locations":[{"start":{"line":103,"column":8},"end":{"line":105,"column":9}},{"start":{"line":103,"column":8},"end":{"line":105,"column":9}}],"line":103},"15":{"loc":{"start":{"line":114,"column":4},"end":{"line":116,"column":5}},"type":"if","locations":[{"start":{"line":114,"column":4},"end":{"line":116,"column":5}},{"start":{"line":114,"column":4},"end":{"line":116,"column":5}}],"line":114},"16":{"loc":{"start":{"line":118,"column":4},"end":{"line":120,"column":5}},"type":"if","locations":[{"start":{"line":118,"column":4},"end":{"line":120,"column":5}},{"start":{"line":118,"column":4},"end":{"line":120,"column":5}}],"line":118},"17":{"loc":{"start":{"line":118,"column":8},"end":{"line":118,"column":108}},"type":"binary-expr","locations":[{"start":{"line":118,"column":8},"end":{"line":118,"column":29}},{"start":{"line":118,"column":33},"end":{"line":118,"column":64}},{"start":{"line":118,"column":68},"end":{"line":118,"column":81}},{"start":{"line":118,"column":85},"end":{"line":118,"column":108}}],"line":118},"18":{"loc":{"start":{"line":122,"column":4},"end":{"line":124,"col
[...]
t":{"line":34,"column":12},"end":{"line":38,"column":13}},"type":"if","locations":[{"start":{"line":34,"column":12},"end":{"line":38,"column":13}},{"start":{"line":34,"column":12},"end":{"line":38,"column":13}}],"line":34},"6":{"loc":{"start":{"line":34,"column":16},"end":{"line":34,"column":46}},"type":"binary-expr","locations":[{"start":{"line":34,"column":16},"end":{"line":34,"column":26}},{"start":{"line":34,"column":30},"end":{"line":34,"column":46}}],"line":34},"7":{"loc":{"start":{"line":35,"column":72},"end":{"line":35,"column":115}},"type":"binary-expr","locations":[{"start":{"line":35,"column":72},"end":{"line":35,"column":75}},{"start":{"line":35,"column":79},"end":{"line":35,"column":115}}],"line":35},"8":{"loc":{"start":{"line":41,"column":19},"end":{"line":41,"column":43}},"type":"binary-expr","locations":[{"start":{"line":41,"column":19},"end":{"line":41,"column":35}},{"start":{"line":41,"column":39},"end":{"line":41,"column":43}}],"line":41},"9":{"loc":{"start":{"line":43,"column":8},"end":{"line":67,"column":9}},"type":"if","locations":[{"start":{"line":43,"column":8},"end":{"line":67,"column":9}},{"start":{"line":43,"column":8},"end":{"line":67,"column":9}}],"line":43},"10":{"loc":{"start":{"line":49,"column":20},"end":{"line":49,"column":39}},"type":"if","locations":[{"start":{"line":49,"column":20},"end":{"line":49,"column":39}},{"start":{"line":49,"column":20},"end":{"line":49,"column":39}}],"line":49},"11":{"loc":{"start":{"line":51,"column":20},"end":{"line":55,"column":21}},"type":"if","locations":[{"start":{"line":51,"column":20},"end":{"line":55,"column":21}},{"start":{"line":51,"column":20},"end":{"line":55,"column":21}}],"line":51},"12":{"loc":{"start":{"line":62,"column":12},"end":{"line":66,"column":13}},"type":"if","locations":[{"start":{"line":62,"column":12},"end":{"line":66,"column":13}},{"start":{"line":62,"column":12},"end":{"line":66,"column":13}}],"line":62}},"s":{"0":1,"1":1,"2":1,"3":1,"4":1,"5":12,"6":12,"7":12,"8":12,"9":0,"10":0,"11":0,"12":12,"13":0,"14":0,"15":0,"16":12,"17":0,"18":0,"19":0,"20":12,"21":12,"22":12,"23":12,"24":12,"25":12,"26":12,"27":0,"28":12,"29":0,"30":12,"31":12,"32":12,"33":0,"34":0,"35":0,"36":12},"f":{"0":12,"1":0,"2":12,"3":12},"b":{"0":[0,12],"1":[12,0],"2":[0,0],"3":[0,12],"4":[0,0],"5":[0,0],"6":[0,0],"7":[0,0],"8":[12,12],"9":[12,0],"10":[0,12],"11":[0,12],"12":[0,0]},"_coverageSchema":"332fd63041d2c1bcb487cc26dd0d5f7d97098a6c","hash":"8c3b9c0961ee4cfb68f3efb368b4a3a922e9dcd2","contentHash":"a25c8d7b52154db8094cadd52876facf_11.3.0"},"/Users/RockieGuo/Documents/BIT/mowa/temp/features/middlewares.js":{"path":"/Users/RockieGuo/Documents/BIT/mowa/temp/features/middlewares.js","statementMap":{"0":{"start":{"line":3,"column":13},"end":{"line":3,"column":36}},"1":{"start":{"line":4,"column":13},"end":{"line":4,"column":22}},"2":{"start":{"line":5,"column":16},"end":{"line":5,"column":28}},"3":{"start":{"line":7,"column":0},"end":{"line":16,"column":2}},"4":{"start":{"line":12,"column":4},"end":{"line":12,"column":60}},"5":{"start":{"line":14,"column":4},"end":{"line":14,"column":29}}},"fnMap":{"0":{"name":"(anonymous_0)","decl":{"start":{"line":10,"column":9},"end":{"line":10,"column":10}},"loc":{"start":{"line":10,"column":43},"end":{"line":15,"column":3}},"line":10}},"branchMap":{},"s":{"0":1,"1":1,"2":1,"3":1,"4":24,"5":24},"f":{"0":24},"b":{},"_coverageSchema":"332fd63041d2c1bcb487cc26dd0d5f7d97098a6c","hash":"9f0696db029b65590b3b76b0977848b35cd91659","contentHash":"93e622f451dd1e6e1a07c30598eb68f3_11.3.0"},"/Users/RockieGuo/Documents/BIT/mowa/temp/features/routing.js":{"path":"/Users/RockieGuo/Documents/BIT/mowa/temp/features/routing.js","statementMap":{"0":{"start":{"line":3,"column":13},"end":{"line":3,"column":36}},"1":{"start":{"line":4,"column":13},"end":{"line":4,"column":22}},"2":{"start":{"line":5,"column":16},"end":{"line":5,"column":28}},"3":{"start":{"line":7,"column":0},"end":{"line":53,"column":2}},"4":{"start":{"line":11,"column":23},"end":{"line":11,"column":25}},"5":{"start":{"line":12,"column":21},"end":{"line":12,"column":38}},"6":{"start":{"line":14,"column":8},"end":{"line":45,"column":11}},"7":{"start":{"line":15,"column":24},"end":{"line":15,"column":29}},"8":{"start":{"line":17,"column":12},"end":{"line":44,"column":13}},"9":{"start":{"line":18,"column":16},"end":{"line":29,"column":19}},"10":{"start":{"line":19,"column":20},"end":{"line":21,"column":21}},"11":{"start":{"line":20,"column":24},"end":{"line":20,"column":31}},"12":{"start":{"line":23,"column":34},"end":{"line":23,"column":71}},"13":{"start":{"line":24,"column":20},"end":{"line":28,"column":23}},"14":{"start":{"line":25,"column":24},"end":{"line":25,"column":127}},"15":{"start":{"line":27,"column":24},"end":{"line":27,"column":66}},"16":{"start":{"line":31,"column":16},"end":{"line":33,"column":17}},"17":{"start":{"line":32,"column":20},"end":{"line":32,"column":27}},"18":{"start":{"line":35,"column":28},"end":{"line":35,"column":30}},"19":{"start":{"line":36,"column":16},"end":{"line":36,"column":43}},"20":{"start":{"line":38,"column":30},"end":{"line":38,"column":59}},"21":{"start":{"line":39,"column":16},"end":{"line":43,"column":19}},"22":{"start":{"line":40,"column":20},"end":{"line":40,"column":120}},"23":{"start":{"line":42,"column":20},"end":{"line":42,"column":71}},"24":{"start":{"line":47,"column":8},"end":{"line":49,"column":11}},"25":{"start":{"line":48,"column":12},"end":{"line":48,"column":51}},"26":{"start":{"line":51,"column":8},"end":{"line":51,"column":22}}},"fnMap":{"0":{"name":"(anonymous_0)","decl":{"start":{"line":10,"column":11},"end":{"line":10,"column":12}},"loc":{"start":{"line":10,"column":40},"end":{"line":52,"column":5}},"line":10},"1":{"name":"(anonymous_1)","decl":{"start":{"line":14,"column":30},"end":{"line":14,"column":31}},"loc":{"start":{"line":14,"column":62},"end":{"line":45,"column":9}},"line":14},"2":{"name":"(anonymous_2)","decl":{"start":{"line":18,"column":45},"end":{"line":18,"column":46}},"loc":{"start":{"line":18,"column":70},"end":{"line":29,"column":17}},"line":18},"3":{"name":"(anonymous_3)","decl":{"start":{"line":24,"column":34},"end":{"line":24,"column":35}},"loc":{"start":{"line":24,"column":40},"end":{"line":28,"column":21}},"line":24},"4":{"name":"(anonymous_4)","decl":{"start":{"line":39,"column":30},"end":{"line":39,"column":31}},"loc":{"start":{"line":39,"column":36},"end":{"line":43,"column":17}},"line":39},"5":{"name":"(anonymous_5)","decl":{"start":{"line":47,"column":25},"end":{"line":47,"column":26}},"loc":{"start":{"line":47,"column":45},"end":{"line":49,"column":9}},"line":47}},"branchMap":{"0":{"loc":{"start":{"line":17,"column":12},"end":{"line":44,"column":13}},"type":"if","locations":[{"start":{"line":17,"column":12},"end":{"line":44,"column":13}},{"start":{"line":17,"column":12},"end":{"line":44,"column":13}}],"line":17},"1":{"loc":{"start":{"line":19,"column":20},"end":{"line":21,"column":21}},"type":"if","locations":[{"start":{"line":19,"column":20},"end":{"line":21,"column":21}},{"start":{"line":19,"column":20},"end":{"line":21,"column":21}}],"line":19},"2":{"loc":{"start":{"line":19,"column":24},"end":{"line":19,"column":77}},"type":"binary-expr","locations":[{"start":{"line":19,"column":24},"end":{"line":19,"column":59}},{"start":{"line":19,"column":63},"end":{"line":19,"column":77}}],"line":19},"3":{"loc":{"start":{"line":31,"column":16},"end":{"line":33,"column":17}},"type":"if","locations":[{"start":{"line":31,"column":16},"end":{"line":33,"column":17}},{"start":{"line":31,"column":16},"end":{"line":33,"column":17}}],"line":31}},"s":{"0":1,"1":1,"2":1,"3":1,"4":24,"5":24,"6":24,"7":48,"8":48,"9":48,"10":48,"11":0,"12":48,"13":48,"14":48,"15":48,"16":0,"17":0,"18":0,"19":0,"20":0,"21":0,"22":0,"23":0,"24":24,"25":48,"26":24},"f":{"0":24,"1":48,"2":48,"3":48,"4":0,"5":48},"b":{"0":[48,0],"1":[0,48],"2":[48,0],"3":[0,0]},"_coverageSchema":"332fd63041d2c1bcb487cc26dd0d5f7d97098a6c","hash":"fe7813f340253d82431690f1162cf8a7993134e6","contentHash":"99110bd5bb4b8f247136355b086b46f4_11.3.0"},"/Users/RockieGuo/Documents/BIT/mowa/temp/routers/rule.js":{"path":"/Users/RockieGuo/Documents/BIT/mowa/temp/routers/rule.js","statementMap":{"0":{"start":{"line":3,"column":13},"end":{"line":3,"column":28}},"1":{"start":{"line":4,"column":13},"end":{"line":4,"column":36}},"2":{"start":{"line":5,"column":13},"end":{"line":5,"column":22}},"3":{"start":{"line":6,"column":10},"end":{"line":6,"column":16}},"4":{"start":{"line":8,"column":15},"end":{"line":8,"column":36}},"5":{"start":{"line":10,"column":24},"end":{"line":10,"column":104}},"6":{"start":{"line":12,"column":0},"end":{"line":61,"column":2}},"7":{"start":{"line":13,"column":25},"end":{"line":13,"column":88}},"8":{"start":{"line":15,"column":17},"end":{"line":15,"column":85}},"9":{"start":{"line":17,"column":4},"end":{"line":19,"column":5}},"10":{"start":{"line":18,"column":8},"end":{"line":18,"column":62}},"11":{"start":{"line":21,"column":4},"end":{"line":56,"column":7}},"12":{"start":{"line":22,"column":18},"end":{"line":22,"column":40}},"13":{"start":{"line":24,"column":8},"end":{"line":33,"column":9}},"14":{"start":{"line":25,"column":12},"end":{"line":27,"column":13}},"15":{"start":{"line":26,"column":16},"end":{"line":26,"column":146}},"16":{"start":{"line":29,"column":33},"end":{"line":29,"column":76}},"17":{"start":{"line":30,"column":12},"end":{"line":30,"column":48}},"18":{"start":{"line":32,"column":12},"end":{"line":32,"column":52}},"19":{"start":{"line":35,"column":8},"end":{"line":35,"column":50}},"20":{"start":{"line":37,"column":8},"end":{"line":39,"column":9}},"21":{"start":{"line":38,"column":12},"end":{"line":38,"column":39}},"22":{"start":{"line":41,"column":8},"end":{"line":55,"column":11}},"23":{"start":{"line":42,"column":12},"end":{"line":44,"column":13}},"24":{"start":{"line":43,"column":16},"end":{"line":43,"column":154}},"25":{"start":{"line":46,"column":12},"end":{"line":52,"column":13}},"26":{"start":{"line":47,"column":16},"end":{"line":47,"column":81}},"27":{"start":{"line":49,"column":16},"end":{"line":51,"column":17}},"28":{"start":{"line":50,"column":20},"end":{"line":50,"column":96}},"29":{"start":{"line":54,"column":12},"end":{"line":54,"column":70}},"30":{"start":{"line":58,"column":4},"end":{"line":58,"column":32}},"31":{"start":{"line":60,"column":4},"end":{"line":60,"column":29}}},"fnMap":{"0":{"name":"(anonymous_0)","decl":{"start":{"line":12,"column":17},"end":{"line":12,"column":18}},"loc":{"start":{"line":12,"column":58},"end":{"line":61,"column":1}},"line":12},"1":{"name":"(anonymous_1)","decl":{"start":{"line":21,"column":34},"end":{"line":21,"column":35}},"loc":{"start":{"line":21,"column":57},"end":{"line":56,"column":5}},"line":21},"2":{"name":"(anonymous_2)","decl":{"start":{"line":41,"column":26},"end":{"line":41,"column":27}},"loc":{"start":{"line":41,"column":51},"end":{"line":55,"column":9}},"line":41}},"branchMap":{"0":{"loc":{"start":{"line":15,"column":17},"end":{"line":15,"column":85}},"type":"cond-expr","locations":[{"start":{"line":15,"column":37},"end":{"line":15,"column":49}},{"start":{"line":15,"column":52},"end":{"line":15,"column":85}}],"line":15},"1":{"loc":{"start":{"line":17,"column":4},"end":{"line":19,"column":5}},"type":"if","locations":[{"start":{"line":17,"column":4},"end":{"line":19,"column":5}},{"start":{"line":17,"column":4},"end":{"line":19,"column":5}}],"line":17},"2":{"loc":{"start":{"line":21,"column":13},"end":{"line":21,"column":32}},"type":"binary-expr","locations":[{"start":{"line":21,"column":13},"end":{"line":21,"column":26}},{"start":{"line":21,"column":30},"end":{"line":21,"column":32}}],"line":21},"3":{"loc":{"start":{"line":24,"column":8},"end":{"line":33,"column":9}},"type":"if","locations":[{"start":{"line":24,"column":8},"end":{"line":33,"column":9}},{"start":{"line":24,"column":8},"end":{"line":33,"column":9}}],"line":24},"4":{"loc":{"start":{"line":25,"column":12},"end":{"line":27,"column":13}},"type":"if","locations":[{"start":{"line":25,"column":12},"end":{"line":27,"column":13}},{"start":{"line":25,"column":12},"end":{"line":27,"column":13}}],"line":25},"5":{"loc":{"start":{"line":37,"column":8},"end":{"line":39,"column":9}},"type":"if","locations":[{"start":{"line":37,"column":8},"end":{"line":39,"column":9}},{"start":{"line":37,"column":8},"end":{"line":39,"column":9}}],"line":37},"6":{"loc":{"start":{"line":42,"column":12},"end":{"line":44,"column":13}},"type":"if","locations":[{"start":{"line":42,"column":12},"end":{"line":44,"column":13}},{"start":{"line":42,"column":12},"end":{"line":44,"column":13}}],"line":42},"7":{"loc":{"start":{"line":46,"column":12},"end":{"line":52,"column":13}},"type":"if","locations":[{"start":{"line":46,"column":12},"end":{"line":52,"column":13}},{"start":{"line":46,"column":12},"end":{"line":52,"column":13}}],"line":46},"8":{"loc":{"start":{"line":49,"column":16},"end":{"line":51,"column":17}},"type":"if","locations":[{"start":{"line":49,"column":16},"end":{"line":51,"column":17}},{"start":{"line":49,"column":16},"end":{"line":51,"column":17}}],"line":49}},"s":{"0":1,"1":1,"2":1,"3":1,"4":1,"5":1,"6":1,"7":24,"8":24,"9":24,"10":24,"11":24,"12":24,"13":24,"14":24,"15":0,"16":24,"17":24,"18":24,"19":24,"20":24,"21":0,"22":24,"23":24,"24":0,"25":24,"26":24,"27":0,"28":0,"29":24,"30":24,"31":24},"f":{"0":24,"1":24,"2":24},"b":{"0":[24,0],"1":[24,0],"2":[24,0],"3":[24,0],"4":[0,24],"5":[0,24],"6":[0,24],"7":[24,0],"8":[0,0]},"_coverageSchema":"332fd63041d2c1bcb487cc26dd0d5f7d97098a6c","hash":"14000fcec3b58d7059c6d48f43b1cf37559a96d8","contentHash":"5ea3f12601454508ee17cd2648144212_11.3.0"},"/Users/RockieGuo/Documents/BIT/mowa/temp/routers/rest.js":{"path":"/Users/RockieGuo/Documents/BIT/mowa/temp/routers/rest.js","statementMap":{"0":{"start":{"line":3,"column":13},"end":{"line":3,"column":28}},"1":{"start":{"line":4,"column":13},"end":{"line":4,"column":36}},"2":{"start":{"line":5,"column":13},"end":{"line":5,"column":22}},"3":{"start":{"line":6,"column":10},"end":{"line":6,"column":16}},"4":{"start":{"line":8,"column":15},"end":{"line":8,"column":36}},"5":{"start":{"line":10,"column":0},"end":{"line":38,"column":2}},"6":{"start":{"line":11,"column":23},"end":{"line":11,"column":84}},"7":{"start":{"line":13,"column":17},"end":{"line":13,"column":85}},"8":{"start":{"line":15,"column":4},"end":{"line":17,"column":5}},"9":{"start":{"line":16,"column":8},"end":{"line":16,"column":62}},"10":{"start":{"line":19,"column":19},"end":{"line":19,"column":28}},"11":{"start":{"line":21,"column":24},"end":{"line":21,"column":55}},"12":{"start":{"line":22,"column":16},"end":{"line":22,"column":62}},"13":{"start":{"line":24,"column":4},"end":{"line":27,"column":7}},"14":{"start":{"line":25,"column":22},"end":{"line":25,"column":71}},"15":{"start":{"line":26,"column":8},"end":{"line":26,"column":45}},"16":{"start":{"line":29,"column":4},"end":{"line":29,"column":110}},"17":{"start":{"line":30,"column":4},"end":{"line":30,"column":112}},"18":{"start":{"line":31,"column":4},"end":{"line":31,"column":112}},"19":{"start":{"line":32,"column":4},"end":{"line":32,"column":115}},"20":{"start":{"line":33,"column":4},"end":{"line":33,"column":115}},"21":{"start":{"line":35,"column":4},"end":{"line":35,"column":32}},"22":{"start":{"line":37,"column":4},"end":{"line":37,"column":29}}},"fnMap":{"0":{"name":"(anonymous_0)","decl":{"start":{"line":10,"column":17},"end":{"line":10,"column":18}},"loc":{"start":{"line":10,"column":58},"end":{"line":38,"column":1}},"line":10},"1":{"name":"(anonymous_1)","decl":{"start":{"line":24,"column":18},"end":{"line":24,"column":19}},"loc":{"start":{"line":24,"column":26},"end":{"line":27,"column":5}},"line":24}},"branchMap":{"0":{"loc":{"start":{"line":13,"column":17},"end":{"line":13,"column":85}},"type":"cond-expr","locations":[{"start":{"line":13,"column":37},"end":{"line":13,"column":49}},{"start":{"line":13,"column":52},"end":{"line":13,"column":85}}],"line":13},"1":{"loc":{"start":{"line":15,"column":4},"end":{"line":17,"column":5}},"type":"if","locations":[{"start":{"line":15,"column":4},"end":{"line":17,"column":5}},{"start":{"line":15,"column":4},"end":{"line":17,"column":5}}],"line":15}},"s":{"0":1,"1":1,"2":1,"3":1,"4":1,"5":1,"6":12,"7":12,"8":12,"9":0,"10":12,"11":12,"12":12,"13":12,"14":12,"15":12,"16":12,"17":12,"18":12,"19":12,"20":12,"21":12,"22":12},"f":{"0":12,"1":12},"b":{"0":[0,12],"1":[0,12]},"_coverageSchema":"332fd63041d2c1bcb487cc26dd0d5f7d97098a6c","hash":"8bb08e4403e7776f57ada838096fc16477afa734","contentHash":"0a86b7dac7cf8f4d800787e39bcc3d39_11.3.0"},"/Users/RockieGuo/Documents/BIT/mowa/temp/routers/mod.js":{"path":"/Users/RockieGuo/Documents/BIT/mowa/temp/routers/mod.js","statementMap":{"0":{"start":{"line":3,"column":13},"end":{"line":3,"column":28}},"1":{"start":{"line":5,"column":13},"end":{"line":5,"column":36}},"2":{"start":{"line":6,"column":13},"end":{"line":6,"column":22}},"3":{"start":{"line":7,"column":10},"end":{"line":7,"column":16}},"4":{"start":{"line":9,"column":18},"end":{"line":9,"column":44}},"5":{"start":{"line":11,"column":0},"end":{"line":33,"column":2}},"6":{"start":{"line":12,"column":4},"end":{"line":14,"column":5}},"7":{"start":{"line":13,"column":8},"end":{"line":13,"column":113}},"8":{"start":{"line":16,"column":18},"end":{"line":16,"column":87}},"9":{"start":{"line":17,"column":4},"end":{"line":19,"column":5}},"10":{"start":{"line":18,"column":8},"end":{"line":18,"column":68}},"11":{"start":{"line":21,"column":14},"end":{"line":21,"column":71}},"12":{"start":{"line":22,"column":4},"end":{"line":22,"column":41}},"13":{"start":{"line":23,"column":23},"end":{"line":23,"column":91}},"14":{"start":{"line":24,"column":4},"end":{"line":24,"column":88}},"15":{"start":{"line":26,"column":4},"end":{"line":32,"column":7}},"16":{"start":{"line":27,"column":8},"end":{"line":27,"column":65}},"17":{"start":{"line":28,"column":8},"end":{"line":28,"column":49}},"18":{"start":{"line":30,"column":8},"end":{"line":30,"column":67}},"19":{"start":{"line":31,"column":8},"end":{"line":31,"column":21}}},"fnMap":{"0":{"name":"(anonymous_0)","decl":{"start":{"line":11,"column":17},"end":{"line":11,"column":18}},"loc":{"start":{"line":11,"column":57},"end":{"line":33,"column":1}},"line":11},"1":{"name":"(anonymous_1)","decl":{"start":{"line":26,"column":44},"end":{"line":26,"column":45}},"loc":{"start":{"line":26,"column":50},"end":{"line":29,"column":5}},"line":26},"2":{"name":"(anonymous_2)","decl":{"start":{"line":29,"column":13},"end":{"line":29,"column":14}},"loc":{"start":{"line":29,"column":23},"end":{"line":32,"column":5}},"line":29}},"branchMap":{"0":{"loc":{"start":{"line":12,"column":4},"end":{"line":14,"column":5}},"type":"if","locations":[{"start":{"line":12,"column":4},"end":{"line":14,"column":5}},{"start":{"line":12,"column":4},"end":{"line":14,"column":5}}],"line":12},"1":{"loc":{"start":{"line":17,"column":4},"end":{"line":19,"column":5}},"type":"if","locations":[{"start":{"line":17,"column":4},"end":{"line":19,"column":5}},{"start":{"line":17,"column":4},"end":{"line":19,"column":5}}],"line":17},"2":{"loc":{"start":{"line":17,"column":8},"end":{"line":17,"column":48}},"type":"binary-expr","locations":[{"start":{"line":17,"column":8},"end":{"line":17,"column":25}},{"start":{"line":17,"column":29},"end":{"line":17,"column":48}}],"line":17},"3":{"loc":{"start":{"line":22,"column":19},"end":{"line":22,"column":40}},"type":"binary-expr","locations":[{"start":{"line":22,"column":19},"end":{"line":22,"column":34}},{"start":{"line":22,"column":38},"end":{"line":22,"column":40}}],"line":22}},"s":{"0":1,"1":1,"2":1,"3":1,"4":1,"5":1,"6":12,"7":0,"8":12,"9":12,"10":0,"11":12,"12":12,"13":12,"14":12,"15":12,"16":12,"17":12,"18":0,"19":0},"f":{"0":12,"1":12,"2":0},"b":{"0":[0,12],"1":[0,12],"2":[12,0],"3":[12,12]},"_coverageSchema":"332fd63041d2c1bcb487cc26dd0d5f7d97098a6c","hash":"0e98d1548c88b8e98fc61506c123c47a0c5e78b0","contentHash":"7d6ea88ea54897b1bd198092ab32c3e8_11.3.0"}}